---------START CCS Injection BY NMAP---------
Write at: 20:32:02

Starting Nmap 7.92 ( https://nmap.org ) at 2024-10-09 20:31 EDT
Nmap scan report for 10.0.2.5
Host is up (0.00057s latency).

PORT    STATE SERVICE  VERSION
443/tcp open  ssl/http Apache httpd 2.4.7 ((Ubuntu))
|_http-server-header: Apache/2.4.7 (Ubuntu)

Service detection performed. Please report any incorrect results at https://nmap.org/submit/ .
Nmap done: 1 IP address (1 host up) scanned in 12.49 seconds

---------END CCS Injection BY NMAP---------

---------START CCS Injection BY NMAP---------
Write at: 20:55:11

Starting Nmap 7.92 ( https://nmap.org ) at 2024-10-09 20:54 EDT
Nmap scan report for 10.0.2.5
Host is up (0.00029s latency).

PORT    STATE SERVICE  VERSION
443/tcp open  ssl/http Apache httpd 2.4.7 ((Ubuntu))
|_http-server-header: Apache/2.4.7 (Ubuntu)

Service detection performed. Please report any incorrect results at https://nmap.org/submit/ .
Nmap done: 1 IP address (1 host up) scanned in 12.41 seconds

---------END CCS Injection BY NMAP---------

