---------START CERTIFICATE---------
Write at: 19:09:14

-----BEGIN CERTIFICATE-----
MIIDMjCCAhoCCQDFsnkVYlL1zTANBgkqhkiG9w0BAQsFADBbMQswCQYDVQQGEwJU
TzELMAkGA1UECAwCVE8xCzAJBgNVBAcMAlRPMQswCQYDVQQKDAJUTzELMAkGA1UE
CwwCVE8xGDAWBgNVBAMMD3d3dy5leGFtcGxlLmNvbTAeFw0yMjAzMjUxNDQ2MjFa
Fw0yNDEyMTkxNDQ2MjFaMFsxCzAJBgNVBAYTAlRPMQswCQYDVQQIDAJUTzELMAkG
A1UEBwwCVE8xCzAJBgNVBAoMAlRPMQswCQYDVQQLDAJUTzEYMBYGA1UEAwwPd3d3
LmV4YW1wbGUuY29tMIIBIjANBgkqhkiG9w0BAQEFAAOCAQ8AMIIBCgKCAQEAwQWe
ziYJJT7ocqaO1hnE5KBRLvz1BBg8gDxBNKu4iE/dFzl5FvVHDukX85lfH0St2EXg
AhAfq/mLO5hbHI7mvKpqV8sWjw7fSVynSfq4T9RoUs7oMf2B7YgzGGlZYJYBgTqS
DGelOvpMsueh61dn4Libt5cYBYWZm/bPZ6cl6DWShK/A9YjmBW1IJCXJZ8SkcMWE
sUg6iDFeyal623kz/+ToEsoL9nPAYQnUhHM7uGfUA9X+WbYfwhtOZkBYWrE62tko
CskHqioNnt5uRG6sagJ4oHPX0efz5RJj93lyxFbM74Vyn0vsDC9rsXuhQi1jPe5n
LrHoien1+IB3vkq//wIDAQABMA0GCSqGSIb3DQEBCwUAA4IBAQCWHrmnicO0E/E7
llIkE5YaVXDhSZwHMJXf9crMcXPMdKhpCabvTfekDZj52NvtB9DJohR65ErxzDy8
eKpZ1Sf+Kpyx/UwtCpvpdZvdDgbJznWk8KL8wG7OJhh/dAQof2Amy5dodcZL3M7I
TNC91xc+mvjfEMjVaAoVFhxA2GHCR92qJdhYy+2QC4x0OIuDU1QM7W0K1ZgHntx9
Lx6VqHixS9oyB4NiYL/OxzKPWy1MY8WxQ15R0Z9SjlFqvPrzRa9KCvCKFHk00aRo
btMptM1xnqElXEgpac+wdHlX5t2DSosdXL9Xr7/NlQNI59V0ys0BNJr3Nr+CD1Mk
Z7Yrda3b
-----END CERTIFICATE-----

---------END CERTIFICATE---------

---------START CERTIFICATE---------
Write at: 19:09:14

-----BEGIN CERTIFICATE-----
MIIDMjCCAhoCCQDFsnkVYlL1zTANBgkqhkiG9w0BAQsFADBbMQswCQYDVQQGEwJU
TzELMAkGA1UECAwCVE8xCzAJBgNVBAcMAlRPMQswCQYDVQQKDAJUTzELMAkGA1UE
CwwCVE8xGDAWBgNVBAMMD3d3dy5leGFtcGxlLmNvbTAeFw0yMjAzMjUxNDQ2MjFa
Fw0yNDEyMTkxNDQ2MjFaMFsxCzAJBgNVBAYTAlRPMQswCQYDVQQIDAJUTzELMAkG
A1UEBwwCVE8xCzAJBgNVBAoMAlRPMQswCQYDVQQLDAJUTzEYMBYGA1UEAwwPd3d3
LmV4YW1wbGUuY29tMIIBIjANBgkqhkiG9w0BAQEFAAOCAQ8AMIIBCgKCAQEAwQWe
ziYJJT7ocqaO1hnE5KBRLvz1BBg8gDxBNKu4iE/dFzl5FvVHDukX85lfH0St2EXg
AhAfq/mLO5hbHI7mvKpqV8sWjw7fSVynSfq4T9RoUs7oMf2B7YgzGGlZYJYBgTqS
DGelOvpMsueh61dn4Libt5cYBYWZm/bPZ6cl6DWShK/A9YjmBW1IJCXJZ8SkcMWE
sUg6iDFeyal623kz/+ToEsoL9nPAYQnUhHM7uGfUA9X+WbYfwhtOZkBYWrE62tko
CskHqioNnt5uRG6sagJ4oHPX0efz5RJj93lyxFbM74Vyn0vsDC9rsXuhQi1jPe5n
LrHoien1+IB3vkq//wIDAQABMA0GCSqGSIb3DQEBCwUAA4IBAQCWHrmnicO0E/E7
llIkE5YaVXDhSZwHMJXf9crMcXPMdKhpCabvTfekDZj52NvtB9DJohR65ErxzDy8
eKpZ1Sf+Kpyx/UwtCpvpdZvdDgbJznWk8KL8wG7OJhh/dAQof2Amy5dodcZL3M7I
TNC91xc+mvjfEMjVaAoVFhxA2GHCR92qJdhYy+2QC4x0OIuDU1QM7W0K1ZgHntx9
Lx6VqHixS9oyB4NiYL/OxzKPWy1MY8WxQ15R0Z9SjlFqvPrzRa9KCvCKFHk00aRo
btMptM1xnqElXEgpac+wdHlX5t2DSosdXL9Xr7/NlQNI59V0ys0BNJr3Nr+CD1Mk
Z7Yrda3b
-----END CERTIFICATE-----

---------END CERTIFICATE---------

---------START CERTIFICATE---------
Write at: 19:09:14

-----BEGIN CERTIFICATE-----
MIIDMjCCAhoCCQDFsnkVYlL1zTANBgkqhkiG9w0BAQsFADBbMQswCQYDVQQGEwJU
TzELMAkGA1UECAwCVE8xCzAJBgNVBAcMAlRPMQswCQYDVQQKDAJUTzELMAkGA1UE
CwwCVE8xGDAWBgNVBAMMD3d3dy5leGFtcGxlLmNvbTAeFw0yMjAzMjUxNDQ2MjFa
Fw0yNDEyMTkxNDQ2MjFaMFsxCzAJBgNVBAYTAlRPMQswCQYDVQQIDAJUTzELMAkG
A1UEBwwCVE8xCzAJBgNVBAoMAlRPMQswCQYDVQQLDAJUTzEYMBYGA1UEAwwPd3d3
LmV4YW1wbGUuY29tMIIBIjANBgkqhkiG9w0BAQEFAAOCAQ8AMIIBCgKCAQEAwQWe
ziYJJT7ocqaO1hnE5KBRLvz1BBg8gDxBNKu4iE/dFzl5FvVHDukX85lfH0St2EXg
AhAfq/mLO5hbHI7mvKpqV8sWjw7fSVynSfq4T9RoUs7oMf2B7YgzGGlZYJYBgTqS
DGelOvpMsueh61dn4Libt5cYBYWZm/bPZ6cl6DWShK/A9YjmBW1IJCXJZ8SkcMWE
sUg6iDFeyal623kz/+ToEsoL9nPAYQnUhHM7uGfUA9X+WbYfwhtOZkBYWrE62tko
CskHqioNnt5uRG6sagJ4oHPX0efz5RJj93lyxFbM74Vyn0vsDC9rsXuhQi1jPe5n
LrHoien1+IB3vkq//wIDAQABMA0GCSqGSIb3DQEBCwUAA4IBAQCWHrmnicO0E/E7
llIkE5YaVXDhSZwHMJXf9crMcXPMdKhpCabvTfekDZj52NvtB9DJohR65ErxzDy8
eKpZ1Sf+Kpyx/UwtCpvpdZvdDgbJznWk8KL8wG7OJhh/dAQof2Amy5dodcZL3M7I
TNC91xc+mvjfEMjVaAoVFhxA2GHCR92qJdhYy+2QC4x0OIuDU1QM7W0K1ZgHntx9
Lx6VqHixS9oyB4NiYL/OxzKPWy1MY8WxQ15R0Z9SjlFqvPrzRa9KCvCKFHk00aRo
btMptM1xnqElXEgpac+wdHlX5t2DSosdXL9Xr7/NlQNI59V0ys0BNJr3Nr+CD1Mk
Z7Yrda3b
-----END CERTIFICATE-----

---------END CERTIFICATE---------

---------START CERTIFICATE---------
Write at: 19:09:14

-----BEGIN CERTIFICATE-----
MIIDMjCCAhoCCQDFsnkVYlL1zTANBgkqhkiG9w0BAQsFADBbMQswCQYDVQQGEwJU
TzELMAkGA1UECAwCVE8xCzAJBgNVBAcMAlRPMQswCQYDVQQKDAJUTzELMAkGA1UE
CwwCVE8xGDAWBgNVBAMMD3d3dy5leGFtcGxlLmNvbTAeFw0yMjAzMjUxNDQ2MjFa
Fw0yNDEyMTkxNDQ2MjFaMFsxCzAJBgNVBAYTAlRPMQswCQYDVQQIDAJUTzELMAkG
A1UEBwwCVE8xCzAJBgNVBAoMAlRPMQswCQYDVQQLDAJUTzEYMBYGA1UEAwwPd3d3
LmV4YW1wbGUuY29tMIIBIjANBgkqhkiG9w0BAQEFAAOCAQ8AMIIBCgKCAQEAwQWe
ziYJJT7ocqaO1hnE5KBRLvz1BBg8gDxBNKu4iE/dFzl5FvVHDukX85lfH0St2EXg
AhAfq/mLO5hbHI7mvKpqV8sWjw7fSVynSfq4T9RoUs7oMf2B7YgzGGlZYJYBgTqS
DGelOvpMsueh61dn4Libt5cYBYWZm/bPZ6cl6DWShK/A9YjmBW1IJCXJZ8SkcMWE
sUg6iDFeyal623kz/+ToEsoL9nPAYQnUhHM7uGfUA9X+WbYfwhtOZkBYWrE62tko
CskHqioNnt5uRG6sagJ4oHPX0efz5RJj93lyxFbM74Vyn0vsDC9rsXuhQi1jPe5n
LrHoien1+IB3vkq//wIDAQABMA0GCSqGSIb3DQEBCwUAA4IBAQCWHrmnicO0E/E7
llIkE5YaVXDhSZwHMJXf9crMcXPMdKhpCabvTfekDZj52NvtB9DJohR65ErxzDy8
eKpZ1Sf+Kpyx/UwtCpvpdZvdDgbJznWk8KL8wG7OJhh/dAQof2Amy5dodcZL3M7I
TNC91xc+mvjfEMjVaAoVFhxA2GHCR92qJdhYy+2QC4x0OIuDU1QM7W0K1ZgHntx9
Lx6VqHixS9oyB4NiYL/OxzKPWy1MY8WxQ15R0Z9SjlFqvPrzRa9KCvCKFHk00aRo
btMptM1xnqElXEgpac+wdHlX5t2DSosdXL9Xr7/NlQNI59V0ys0BNJr3Nr+CD1Mk
Z7Yrda3b
-----END CERTIFICATE-----

---------END CERTIFICATE---------

---------START Certificate---------
Write at: 19:09:15

NO CRL AND OCSP EXTENSIONS FOUND. THIS IS DANGEROUS
---------END Certificate---------

---------START Certificate---------
Write at: 19:09:15

NO CRL AND OCSP EXTENSIONS FOUND. THIS IS DANGEROUS
---------END Certificate---------

---------START Certificate---------
Write at: 19:09:15

NO CRL AND OCSP EXTENSIONS FOUND. THIS IS DANGEROUS
---------END Certificate---------

---------START Certificate---------
Write at: 19:09:15

NO CRL AND OCSP EXTENSIONS FOUND. THIS IS DANGEROUS
---------END Certificate---------

---------START CERTIFICATE---------
Write at: 19:11:42

-----BEGIN CERTIFICATE-----
MIIDMjCCAhoCCQDFsnkVYlL1zTANBgkqhkiG9w0BAQsFADBbMQswCQYDVQQGEwJU
TzELMAkGA1UECAwCVE8xCzAJBgNVBAcMAlRPMQswCQYDVQQKDAJUTzELMAkGA1UE
CwwCVE8xGDAWBgNVBAMMD3d3dy5leGFtcGxlLmNvbTAeFw0yMjAzMjUxNDQ2MjFa
Fw0yNDEyMTkxNDQ2MjFaMFsxCzAJBgNVBAYTAlRPMQswCQYDVQQIDAJUTzELMAkG
A1UEBwwCVE8xCzAJBgNVBAoMAlRPMQswCQYDVQQLDAJUTzEYMBYGA1UEAwwPd3d3
LmV4YW1wbGUuY29tMIIBIjANBgkqhkiG9w0BAQEFAAOCAQ8AMIIBCgKCAQEAwQWe
ziYJJT7ocqaO1hnE5KBRLvz1BBg8gDxBNKu4iE/dFzl5FvVHDukX85lfH0St2EXg
AhAfq/mLO5hbHI7mvKpqV8sWjw7fSVynSfq4T9RoUs7oMf2B7YgzGGlZYJYBgTqS
DGelOvpMsueh61dn4Libt5cYBYWZm/bPZ6cl6DWShK/A9YjmBW1IJCXJZ8SkcMWE
sUg6iDFeyal623kz/+ToEsoL9nPAYQnUhHM7uGfUA9X+WbYfwhtOZkBYWrE62tko
CskHqioNnt5uRG6sagJ4oHPX0efz5RJj93lyxFbM74Vyn0vsDC9rsXuhQi1jPe5n
LrHoien1+IB3vkq//wIDAQABMA0GCSqGSIb3DQEBCwUAA4IBAQCWHrmnicO0E/E7
llIkE5YaVXDhSZwHMJXf9crMcXPMdKhpCabvTfekDZj52NvtB9DJohR65ErxzDy8
eKpZ1Sf+Kpyx/UwtCpvpdZvdDgbJznWk8KL8wG7OJhh/dAQof2Amy5dodcZL3M7I
TNC91xc+mvjfEMjVaAoVFhxA2GHCR92qJdhYy+2QC4x0OIuDU1QM7W0K1ZgHntx9
Lx6VqHixS9oyB4NiYL/OxzKPWy1MY8WxQ15R0Z9SjlFqvPrzRa9KCvCKFHk00aRo
btMptM1xnqElXEgpac+wdHlX5t2DSosdXL9Xr7/NlQNI59V0ys0BNJr3Nr+CD1Mk
Z7Yrda3b
-----END CERTIFICATE-----

---------END CERTIFICATE---------

---------START CERTIFICATE---------
Write at: 19:11:42

-----BEGIN CERTIFICATE-----
MIIDMjCCAhoCCQDFsnkVYlL1zTANBgkqhkiG9w0BAQsFADBbMQswCQYDVQQGEwJU
TzELMAkGA1UECAwCVE8xCzAJBgNVBAcMAlRPMQswCQYDVQQKDAJUTzELMAkGA1UE
CwwCVE8xGDAWBgNVBAMMD3d3dy5leGFtcGxlLmNvbTAeFw0yMjAzMjUxNDQ2MjFa
Fw0yNDEyMTkxNDQ2MjFaMFsxCzAJBgNVBAYTAlRPMQswCQYDVQQIDAJUTzELMAkG
A1UEBwwCVE8xCzAJBgNVBAoMAlRPMQswCQYDVQQLDAJUTzEYMBYGA1UEAwwPd3d3
LmV4YW1wbGUuY29tMIIBIjANBgkqhkiG9w0BAQEFAAOCAQ8AMIIBCgKCAQEAwQWe
ziYJJT7ocqaO1hnE5KBRLvz1BBg8gDxBNKu4iE/dFzl5FvVHDukX85lfH0St2EXg
AhAfq/mLO5hbHI7mvKpqV8sWjw7fSVynSfq4T9RoUs7oMf2B7YgzGGlZYJYBgTqS
DGelOvpMsueh61dn4Libt5cYBYWZm/bPZ6cl6DWShK/A9YjmBW1IJCXJZ8SkcMWE
sUg6iDFeyal623kz/+ToEsoL9nPAYQnUhHM7uGfUA9X+WbYfwhtOZkBYWrE62tko
CskHqioNnt5uRG6sagJ4oHPX0efz5RJj93lyxFbM74Vyn0vsDC9rsXuhQi1jPe5n
LrHoien1+IB3vkq//wIDAQABMA0GCSqGSIb3DQEBCwUAA4IBAQCWHrmnicO0E/E7
llIkE5YaVXDhSZwHMJXf9crMcXPMdKhpCabvTfekDZj52NvtB9DJohR65ErxzDy8
eKpZ1Sf+Kpyx/UwtCpvpdZvdDgbJznWk8KL8wG7OJhh/dAQof2Amy5dodcZL3M7I
TNC91xc+mvjfEMjVaAoVFhxA2GHCR92qJdhYy+2QC4x0OIuDU1QM7W0K1ZgHntx9
Lx6VqHixS9oyB4NiYL/OxzKPWy1MY8WxQ15R0Z9SjlFqvPrzRa9KCvCKFHk00aRo
btMptM1xnqElXEgpac+wdHlX5t2DSosdXL9Xr7/NlQNI59V0ys0BNJr3Nr+CD1Mk
Z7Yrda3b
-----END CERTIFICATE-----

---------END CERTIFICATE---------

---------START CERTIFICATE---------
Write at: 19:11:42

-----BEGIN CERTIFICATE-----
MIIDMjCCAhoCCQDFsnkVYlL1zTANBgkqhkiG9w0BAQsFADBbMQswCQYDVQQGEwJU
TzELMAkGA1UECAwCVE8xCzAJBgNVBAcMAlRPMQswCQYDVQQKDAJUTzELMAkGA1UE
CwwCVE8xGDAWBgNVBAMMD3d3dy5leGFtcGxlLmNvbTAeFw0yMjAzMjUxNDQ2MjFa
Fw0yNDEyMTkxNDQ2MjFaMFsxCzAJBgNVBAYTAlRPMQswCQYDVQQIDAJUTzELMAkG
A1UEBwwCVE8xCzAJBgNVBAoMAlRPMQswCQYDVQQLDAJUTzEYMBYGA1UEAwwPd3d3
LmV4YW1wbGUuY29tMIIBIjANBgkqhkiG9w0BAQEFAAOCAQ8AMIIBCgKCAQEAwQWe
ziYJJT7ocqaO1hnE5KBRLvz1BBg8gDxBNKu4iE/dFzl5FvVHDukX85lfH0St2EXg
AhAfq/mLO5hbHI7mvKpqV8sWjw7fSVynSfq4T9RoUs7oMf2B7YgzGGlZYJYBgTqS
DGelOvpMsueh61dn4Libt5cYBYWZm/bPZ6cl6DWShK/A9YjmBW1IJCXJZ8SkcMWE
sUg6iDFeyal623kz/+ToEsoL9nPAYQnUhHM7uGfUA9X+WbYfwhtOZkBYWrE62tko
CskHqioNnt5uRG6sagJ4oHPX0efz5RJj93lyxFbM74Vyn0vsDC9rsXuhQi1jPe5n
LrHoien1+IB3vkq//wIDAQABMA0GCSqGSIb3DQEBCwUAA4IBAQCWHrmnicO0E/E7
llIkE5YaVXDhSZwHMJXf9crMcXPMdKhpCabvTfekDZj52NvtB9DJohR65ErxzDy8
eKpZ1Sf+Kpyx/UwtCpvpdZvdDgbJznWk8KL8wG7OJhh/dAQof2Amy5dodcZL3M7I
TNC91xc+mvjfEMjVaAoVFhxA2GHCR92qJdhYy+2QC4x0OIuDU1QM7W0K1ZgHntx9
Lx6VqHixS9oyB4NiYL/OxzKPWy1MY8WxQ15R0Z9SjlFqvPrzRa9KCvCKFHk00aRo
btMptM1xnqElXEgpac+wdHlX5t2DSosdXL9Xr7/NlQNI59V0ys0BNJr3Nr+CD1Mk
Z7Yrda3b
-----END CERTIFICATE-----

---------END CERTIFICATE---------

---------START CERTIFICATE---------
Write at: 19:11:42

-----BEGIN CERTIFICATE-----
MIIDMjCCAhoCCQDFsnkVYlL1zTANBgkqhkiG9w0BAQsFADBbMQswCQYDVQQGEwJU
TzELMAkGA1UECAwCVE8xCzAJBgNVBAcMAlRPMQswCQYDVQQKDAJUTzELMAkGA1UE
CwwCVE8xGDAWBgNVBAMMD3d3dy5leGFtcGxlLmNvbTAeFw0yMjAzMjUxNDQ2MjFa
Fw0yNDEyMTkxNDQ2MjFaMFsxCzAJBgNVBAYTAlRPMQswCQYDVQQIDAJUTzELMAkG
A1UEBwwCVE8xCzAJBgNVBAoMAlRPMQswCQYDVQQLDAJUTzEYMBYGA1UEAwwPd3d3
LmV4YW1wbGUuY29tMIIBIjANBgkqhkiG9w0BAQEFAAOCAQ8AMIIBCgKCAQEAwQWe
ziYJJT7ocqaO1hnE5KBRLvz1BBg8gDxBNKu4iE/dFzl5FvVHDukX85lfH0St2EXg
AhAfq/mLO5hbHI7mvKpqV8sWjw7fSVynSfq4T9RoUs7oMf2B7YgzGGlZYJYBgTqS
DGelOvpMsueh61dn4Libt5cYBYWZm/bPZ6cl6DWShK/A9YjmBW1IJCXJZ8SkcMWE
sUg6iDFeyal623kz/+ToEsoL9nPAYQnUhHM7uGfUA9X+WbYfwhtOZkBYWrE62tko
CskHqioNnt5uRG6sagJ4oHPX0efz5RJj93lyxFbM74Vyn0vsDC9rsXuhQi1jPe5n
LrHoien1+IB3vkq//wIDAQABMA0GCSqGSIb3DQEBCwUAA4IBAQCWHrmnicO0E/E7
llIkE5YaVXDhSZwHMJXf9crMcXPMdKhpCabvTfekDZj52NvtB9DJohR65ErxzDy8
eKpZ1Sf+Kpyx/UwtCpvpdZvdDgbJznWk8KL8wG7OJhh/dAQof2Amy5dodcZL3M7I
TNC91xc+mvjfEMjVaAoVFhxA2GHCR92qJdhYy+2QC4x0OIuDU1QM7W0K1ZgHntx9
Lx6VqHixS9oyB4NiYL/OxzKPWy1MY8WxQ15R0Z9SjlFqvPrzRa9KCvCKFHk00aRo
btMptM1xnqElXEgpac+wdHlX5t2DSosdXL9Xr7/NlQNI59V0ys0BNJr3Nr+CD1Mk
Z7Yrda3b
-----END CERTIFICATE-----

---------END CERTIFICATE---------

---------START Certificate---------
Write at: 19:11:43

NO CRL AND OCSP EXTENSIONS FOUND. THIS IS DANGEROUS
---------END Certificate---------

---------START Certificate---------
Write at: 19:11:43

NO CRL AND OCSP EXTENSIONS FOUND. THIS IS DANGEROUS
---------END Certificate---------

---------START Certificate---------
Write at: 19:11:43

NO CRL AND OCSP EXTENSIONS FOUND. THIS IS DANGEROUS
---------END Certificate---------

---------START Certificate---------
Write at: 19:11:43

NO CRL AND OCSP EXTENSIONS FOUND. THIS IS DANGEROUS
---------END Certificate---------

---------START CERTIFICATE---------
Write at: 19:26:47

-----BEGIN CERTIFICATE-----
MIIDMjCCAhoCCQDFsnkVYlL1zTANBgkqhkiG9w0BAQsFADBbMQswCQYDVQQGEwJU
TzELMAkGA1UECAwCVE8xCzAJBgNVBAcMAlRPMQswCQYDVQQKDAJUTzELMAkGA1UE
CwwCVE8xGDAWBgNVBAMMD3d3dy5leGFtcGxlLmNvbTAeFw0yMjAzMjUxNDQ2MjFa
Fw0yNDEyMTkxNDQ2MjFaMFsxCzAJBgNVBAYTAlRPMQswCQYDVQQIDAJUTzELMAkG
A1UEBwwCVE8xCzAJBgNVBAoMAlRPMQswCQYDVQQLDAJUTzEYMBYGA1UEAwwPd3d3
LmV4YW1wbGUuY29tMIIBIjANBgkqhkiG9w0BAQEFAAOCAQ8AMIIBCgKCAQEAwQWe
ziYJJT7ocqaO1hnE5KBRLvz1BBg8gDxBNKu4iE/dFzl5FvVHDukX85lfH0St2EXg
AhAfq/mLO5hbHI7mvKpqV8sWjw7fSVynSfq4T9RoUs7oMf2B7YgzGGlZYJYBgTqS
DGelOvpMsueh61dn4Libt5cYBYWZm/bPZ6cl6DWShK/A9YjmBW1IJCXJZ8SkcMWE
sUg6iDFeyal623kz/+ToEsoL9nPAYQnUhHM7uGfUA9X+WbYfwhtOZkBYWrE62tko
CskHqioNnt5uRG6sagJ4oHPX0efz5RJj93lyxFbM74Vyn0vsDC9rsXuhQi1jPe5n
LrHoien1+IB3vkq//wIDAQABMA0GCSqGSIb3DQEBCwUAA4IBAQCWHrmnicO0E/E7
llIkE5YaVXDhSZwHMJXf9crMcXPMdKhpCabvTfekDZj52NvtB9DJohR65ErxzDy8
eKpZ1Sf+Kpyx/UwtCpvpdZvdDgbJznWk8KL8wG7OJhh/dAQof2Amy5dodcZL3M7I
TNC91xc+mvjfEMjVaAoVFhxA2GHCR92qJdhYy+2QC4x0OIuDU1QM7W0K1ZgHntx9
Lx6VqHixS9oyB4NiYL/OxzKPWy1MY8WxQ15R0Z9SjlFqvPrzRa9KCvCKFHk00aRo
btMptM1xnqElXEgpac+wdHlX5t2DSosdXL9Xr7/NlQNI59V0ys0BNJr3Nr+CD1Mk
Z7Yrda3b
-----END CERTIFICATE-----

---------END CERTIFICATE---------

---------START CERTIFICATE---------
Write at: 19:26:47

-----BEGIN CERTIFICATE-----
MIIDMjCCAhoCCQDFsnkVYlL1zTANBgkqhkiG9w0BAQsFADBbMQswCQYDVQQGEwJU
TzELMAkGA1UECAwCVE8xCzAJBgNVBAcMAlRPMQswCQYDVQQKDAJUTzELMAkGA1UE
CwwCVE8xGDAWBgNVBAMMD3d3dy5leGFtcGxlLmNvbTAeFw0yMjAzMjUxNDQ2MjFa
Fw0yNDEyMTkxNDQ2MjFaMFsxCzAJBgNVBAYTAlRPMQswCQYDVQQIDAJUTzELMAkG
A1UEBwwCVE8xCzAJBgNVBAoMAlRPMQswCQYDVQQLDAJUTzEYMBYGA1UEAwwPd3d3
LmV4YW1wbGUuY29tMIIBIjANBgkqhkiG9w0BAQEFAAOCAQ8AMIIBCgKCAQEAwQWe
ziYJJT7ocqaO1hnE5KBRLvz1BBg8gDxBNKu4iE/dFzl5FvVHDukX85lfH0St2EXg
AhAfq/mLO5hbHI7mvKpqV8sWjw7fSVynSfq4T9RoUs7oMf2B7YgzGGlZYJYBgTqS
DGelOvpMsueh61dn4Libt5cYBYWZm/bPZ6cl6DWShK/A9YjmBW1IJCXJZ8SkcMWE
sUg6iDFeyal623kz/+ToEsoL9nPAYQnUhHM7uGfUA9X+WbYfwhtOZkBYWrE62tko
CskHqioNnt5uRG6sagJ4oHPX0efz5RJj93lyxFbM74Vyn0vsDC9rsXuhQi1jPe5n
LrHoien1+IB3vkq//wIDAQABMA0GCSqGSIb3DQEBCwUAA4IBAQCWHrmnicO0E/E7
llIkE5YaVXDhSZwHMJXf9crMcXPMdKhpCabvTfekDZj52NvtB9DJohR65ErxzDy8
eKpZ1Sf+Kpyx/UwtCpvpdZvdDgbJznWk8KL8wG7OJhh/dAQof2Amy5dodcZL3M7I
TNC91xc+mvjfEMjVaAoVFhxA2GHCR92qJdhYy+2QC4x0OIuDU1QM7W0K1ZgHntx9
Lx6VqHixS9oyB4NiYL/OxzKPWy1MY8WxQ15R0Z9SjlFqvPrzRa9KCvCKFHk00aRo
btMptM1xnqElXEgpac+wdHlX5t2DSosdXL9Xr7/NlQNI59V0ys0BNJr3Nr+CD1Mk
Z7Yrda3b
-----END CERTIFICATE-----

---------END CERTIFICATE---------

---------START CERTIFICATE---------
Write at: 19:26:47

-----BEGIN CERTIFICATE-----
MIIDMjCCAhoCCQDFsnkVYlL1zTANBgkqhkiG9w0BAQsFADBbMQswCQYDVQQGEwJU
TzELMAkGA1UECAwCVE8xCzAJBgNVBAcMAlRPMQswCQYDVQQKDAJUTzELMAkGA1UE
CwwCVE8xGDAWBgNVBAMMD3d3dy5leGFtcGxlLmNvbTAeFw0yMjAzMjUxNDQ2MjFa
Fw0yNDEyMTkxNDQ2MjFaMFsxCzAJBgNVBAYTAlRPMQswCQYDVQQIDAJUTzELMAkG
A1UEBwwCVE8xCzAJBgNVBAoMAlRPMQswCQYDVQQLDAJUTzEYMBYGA1UEAwwPd3d3
LmV4YW1wbGUuY29tMIIBIjANBgkqhkiG9w0BAQEFAAOCAQ8AMIIBCgKCAQEAwQWe
ziYJJT7ocqaO1hnE5KBRLvz1BBg8gDxBNKu4iE/dFzl5FvVHDukX85lfH0St2EXg
AhAfq/mLO5hbHI7mvKpqV8sWjw7fSVynSfq4T9RoUs7oMf2B7YgzGGlZYJYBgTqS
DGelOvpMsueh61dn4Libt5cYBYWZm/bPZ6cl6DWShK/A9YjmBW1IJCXJZ8SkcMWE
sUg6iDFeyal623kz/+ToEsoL9nPAYQnUhHM7uGfUA9X+WbYfwhtOZkBYWrE62tko
CskHqioNnt5uRG6sagJ4oHPX0efz5RJj93lyxFbM74Vyn0vsDC9rsXuhQi1jPe5n
LrHoien1+IB3vkq//wIDAQABMA0GCSqGSIb3DQEBCwUAA4IBAQCWHrmnicO0E/E7
llIkE5YaVXDhSZwHMJXf9crMcXPMdKhpCabvTfekDZj52NvtB9DJohR65ErxzDy8
eKpZ1Sf+Kpyx/UwtCpvpdZvdDgbJznWk8KL8wG7OJhh/dAQof2Amy5dodcZL3M7I
TNC91xc+mvjfEMjVaAoVFhxA2GHCR92qJdhYy+2QC4x0OIuDU1QM7W0K1ZgHntx9
Lx6VqHixS9oyB4NiYL/OxzKPWy1MY8WxQ15R0Z9SjlFqvPrzRa9KCvCKFHk00aRo
btMptM1xnqElXEgpac+wdHlX5t2DSosdXL9Xr7/NlQNI59V0ys0BNJr3Nr+CD1Mk
Z7Yrda3b
-----END CERTIFICATE-----

---------END CERTIFICATE---------

---------START CERTIFICATE---------
Write at: 19:26:47

-----BEGIN CERTIFICATE-----
MIIDMjCCAhoCCQDFsnkVYlL1zTANBgkqhkiG9w0BAQsFADBbMQswCQYDVQQGEwJU
TzELMAkGA1UECAwCVE8xCzAJBgNVBAcMAlRPMQswCQYDVQQKDAJUTzELMAkGA1UE
CwwCVE8xGDAWBgNVBAMMD3d3dy5leGFtcGxlLmNvbTAeFw0yMjAzMjUxNDQ2MjFa
Fw0yNDEyMTkxNDQ2MjFaMFsxCzAJBgNVBAYTAlRPMQswCQYDVQQIDAJUTzELMAkG
A1UEBwwCVE8xCzAJBgNVBAoMAlRPMQswCQYDVQQLDAJUTzEYMBYGA1UEAwwPd3d3
LmV4YW1wbGUuY29tMIIBIjANBgkqhkiG9w0BAQEFAAOCAQ8AMIIBCgKCAQEAwQWe
ziYJJT7ocqaO1hnE5KBRLvz1BBg8gDxBNKu4iE/dFzl5FvVHDukX85lfH0St2EXg
AhAfq/mLO5hbHI7mvKpqV8sWjw7fSVynSfq4T9RoUs7oMf2B7YgzGGlZYJYBgTqS
DGelOvpMsueh61dn4Libt5cYBYWZm/bPZ6cl6DWShK/A9YjmBW1IJCXJZ8SkcMWE
sUg6iDFeyal623kz/+ToEsoL9nPAYQnUhHM7uGfUA9X+WbYfwhtOZkBYWrE62tko
CskHqioNnt5uRG6sagJ4oHPX0efz5RJj93lyxFbM74Vyn0vsDC9rsXuhQi1jPe5n
LrHoien1+IB3vkq//wIDAQABMA0GCSqGSIb3DQEBCwUAA4IBAQCWHrmnicO0E/E7
llIkE5YaVXDhSZwHMJXf9crMcXPMdKhpCabvTfekDZj52NvtB9DJohR65ErxzDy8
eKpZ1Sf+Kpyx/UwtCpvpdZvdDgbJznWk8KL8wG7OJhh/dAQof2Amy5dodcZL3M7I
TNC91xc+mvjfEMjVaAoVFhxA2GHCR92qJdhYy+2QC4x0OIuDU1QM7W0K1ZgHntx9
Lx6VqHixS9oyB4NiYL/OxzKPWy1MY8WxQ15R0Z9SjlFqvPrzRa9KCvCKFHk00aRo
btMptM1xnqElXEgpac+wdHlX5t2DSosdXL9Xr7/NlQNI59V0ys0BNJr3Nr+CD1Mk
Z7Yrda3b
-----END CERTIFICATE-----

---------END CERTIFICATE---------

---------START Certificate---------
Write at: 19:26:47

NO CRL AND OCSP EXTENSIONS FOUND. THIS IS DANGEROUS
---------END Certificate---------

---------START Certificate---------
Write at: 19:26:47

NO CRL AND OCSP EXTENSIONS FOUND. THIS IS DANGEROUS
---------END Certificate---------

---------START Certificate---------
Write at: 19:26:47

NO CRL AND OCSP EXTENSIONS FOUND. THIS IS DANGEROUS
---------END Certificate---------

---------START Certificate---------
Write at: 19:26:47

NO CRL AND OCSP EXTENSIONS FOUND. THIS IS DANGEROUS
---------END Certificate---------

---------START CERTIFICATE---------
Write at: 19:27:22

-----BEGIN CERTIFICATE-----
MIIDMjCCAhoCCQDFsnkVYlL1zTANBgkqhkiG9w0BAQsFADBbMQswCQYDVQQGEwJU
TzELMAkGA1UECAwCVE8xCzAJBgNVBAcMAlRPMQswCQYDVQQKDAJUTzELMAkGA1UE
CwwCVE8xGDAWBgNVBAMMD3d3dy5leGFtcGxlLmNvbTAeFw0yMjAzMjUxNDQ2MjFa
Fw0yNDEyMTkxNDQ2MjFaMFsxCzAJBgNVBAYTAlRPMQswCQYDVQQIDAJUTzELMAkG
A1UEBwwCVE8xCzAJBgNVBAoMAlRPMQswCQYDVQQLDAJUTzEYMBYGA1UEAwwPd3d3
LmV4YW1wbGUuY29tMIIBIjANBgkqhkiG9w0BAQEFAAOCAQ8AMIIBCgKCAQEAwQWe
ziYJJT7ocqaO1hnE5KBRLvz1BBg8gDxBNKu4iE/dFzl5FvVHDukX85lfH0St2EXg
AhAfq/mLO5hbHI7mvKpqV8sWjw7fSVynSfq4T9RoUs7oMf2B7YgzGGlZYJYBgTqS
DGelOvpMsueh61dn4Libt5cYBYWZm/bPZ6cl6DWShK/A9YjmBW1IJCXJZ8SkcMWE
sUg6iDFeyal623kz/+ToEsoL9nPAYQnUhHM7uGfUA9X+WbYfwhtOZkBYWrE62tko
CskHqioNnt5uRG6sagJ4oHPX0efz5RJj93lyxFbM74Vyn0vsDC9rsXuhQi1jPe5n
LrHoien1+IB3vkq//wIDAQABMA0GCSqGSIb3DQEBCwUAA4IBAQCWHrmnicO0E/E7
llIkE5YaVXDhSZwHMJXf9crMcXPMdKhpCabvTfekDZj52NvtB9DJohR65ErxzDy8
eKpZ1Sf+Kpyx/UwtCpvpdZvdDgbJznWk8KL8wG7OJhh/dAQof2Amy5dodcZL3M7I
TNC91xc+mvjfEMjVaAoVFhxA2GHCR92qJdhYy+2QC4x0OIuDU1QM7W0K1ZgHntx9
Lx6VqHixS9oyB4NiYL/OxzKPWy1MY8WxQ15R0Z9SjlFqvPrzRa9KCvCKFHk00aRo
btMptM1xnqElXEgpac+wdHlX5t2DSosdXL9Xr7/NlQNI59V0ys0BNJr3Nr+CD1Mk
Z7Yrda3b
-----END CERTIFICATE-----

---------END CERTIFICATE---------

---------START CERTIFICATE---------
Write at: 19:27:22

-----BEGIN CERTIFICATE-----
MIIDMjCCAhoCCQDFsnkVYlL1zTANBgkqhkiG9w0BAQsFADBbMQswCQYDVQQGEwJU
TzELMAkGA1UECAwCVE8xCzAJBgNVBAcMAlRPMQswCQYDVQQKDAJUTzELMAkGA1UE
CwwCVE8xGDAWBgNVBAMMD3d3dy5leGFtcGxlLmNvbTAeFw0yMjAzMjUxNDQ2MjFa
Fw0yNDEyMTkxNDQ2MjFaMFsxCzAJBgNVBAYTAlRPMQswCQYDVQQIDAJUTzELMAkG
A1UEBwwCVE8xCzAJBgNVBAoMAlRPMQswCQYDVQQLDAJUTzEYMBYGA1UEAwwPd3d3
LmV4YW1wbGUuY29tMIIBIjANBgkqhkiG9w0BAQEFAAOCAQ8AMIIBCgKCAQEAwQWe
ziYJJT7ocqaO1hnE5KBRLvz1BBg8gDxBNKu4iE/dFzl5FvVHDukX85lfH0St2EXg
AhAfq/mLO5hbHI7mvKpqV8sWjw7fSVynSfq4T9RoUs7oMf2B7YgzGGlZYJYBgTqS
DGelOvpMsueh61dn4Libt5cYBYWZm/bPZ6cl6DWShK/A9YjmBW1IJCXJZ8SkcMWE
sUg6iDFeyal623kz/+ToEsoL9nPAYQnUhHM7uGfUA9X+WbYfwhtOZkBYWrE62tko
CskHqioNnt5uRG6sagJ4oHPX0efz5RJj93lyxFbM74Vyn0vsDC9rsXuhQi1jPe5n
LrHoien1+IB3vkq//wIDAQABMA0GCSqGSIb3DQEBCwUAA4IBAQCWHrmnicO0E/E7
llIkE5YaVXDhSZwHMJXf9crMcXPMdKhpCabvTfekDZj52NvtB9DJohR65ErxzDy8
eKpZ1Sf+Kpyx/UwtCpvpdZvdDgbJznWk8KL8wG7OJhh/dAQof2Amy5dodcZL3M7I
TNC91xc+mvjfEMjVaAoVFhxA2GHCR92qJdhYy+2QC4x0OIuDU1QM7W0K1ZgHntx9
Lx6VqHixS9oyB4NiYL/OxzKPWy1MY8WxQ15R0Z9SjlFqvPrzRa9KCvCKFHk00aRo
btMptM1xnqElXEgpac+wdHlX5t2DSosdXL9Xr7/NlQNI59V0ys0BNJr3Nr+CD1Mk
Z7Yrda3b
-----END CERTIFICATE-----

---------END CERTIFICATE---------

---------START CERTIFICATE---------
Write at: 19:27:22

-----BEGIN CERTIFICATE-----
MIIDMjCCAhoCCQDFsnkVYlL1zTANBgkqhkiG9w0BAQsFADBbMQswCQYDVQQGEwJU
TzELMAkGA1UECAwCVE8xCzAJBgNVBAcMAlRPMQswCQYDVQQKDAJUTzELMAkGA1UE
CwwCVE8xGDAWBgNVBAMMD3d3dy5leGFtcGxlLmNvbTAeFw0yMjAzMjUxNDQ2MjFa
Fw0yNDEyMTkxNDQ2MjFaMFsxCzAJBgNVBAYTAlRPMQswCQYDVQQIDAJUTzELMAkG
A1UEBwwCVE8xCzAJBgNVBAoMAlRPMQswCQYDVQQLDAJUTzEYMBYGA1UEAwwPd3d3
LmV4YW1wbGUuY29tMIIBIjANBgkqhkiG9w0BAQEFAAOCAQ8AMIIBCgKCAQEAwQWe
ziYJJT7ocqaO1hnE5KBRLvz1BBg8gDxBNKu4iE/dFzl5FvVHDukX85lfH0St2EXg
AhAfq/mLO5hbHI7mvKpqV8sWjw7fSVynSfq4T9RoUs7oMf2B7YgzGGlZYJYBgTqS
DGelOvpMsueh61dn4Libt5cYBYWZm/bPZ6cl6DWShK/A9YjmBW1IJCXJZ8SkcMWE
sUg6iDFeyal623kz/+ToEsoL9nPAYQnUhHM7uGfUA9X+WbYfwhtOZkBYWrE62tko
CskHqioNnt5uRG6sagJ4oHPX0efz5RJj93lyxFbM74Vyn0vsDC9rsXuhQi1jPe5n
LrHoien1+IB3vkq//wIDAQABMA0GCSqGSIb3DQEBCwUAA4IBAQCWHrmnicO0E/E7
llIkE5YaVXDhSZwHMJXf9crMcXPMdKhpCabvTfekDZj52NvtB9DJohR65ErxzDy8
eKpZ1Sf+Kpyx/UwtCpvpdZvdDgbJznWk8KL8wG7OJhh/dAQof2Amy5dodcZL3M7I
TNC91xc+mvjfEMjVaAoVFhxA2GHCR92qJdhYy+2QC4x0OIuDU1QM7W0K1ZgHntx9
Lx6VqHixS9oyB4NiYL/OxzKPWy1MY8WxQ15R0Z9SjlFqvPrzRa9KCvCKFHk00aRo
btMptM1xnqElXEgpac+wdHlX5t2DSosdXL9Xr7/NlQNI59V0ys0BNJr3Nr+CD1Mk
Z7Yrda3b
-----END CERTIFICATE-----

---------END CERTIFICATE---------

---------START CERTIFICATE---------
Write at: 19:27:22

-----BEGIN CERTIFICATE-----
MIIDMjCCAhoCCQDFsnkVYlL1zTANBgkqhkiG9w0BAQsFADBbMQswCQYDVQQGEwJU
TzELMAkGA1UECAwCVE8xCzAJBgNVBAcMAlRPMQswCQYDVQQKDAJUTzELMAkGA1UE
CwwCVE8xGDAWBgNVBAMMD3d3dy5leGFtcGxlLmNvbTAeFw0yMjAzMjUxNDQ2MjFa
Fw0yNDEyMTkxNDQ2MjFaMFsxCzAJBgNVBAYTAlRPMQswCQYDVQQIDAJUTzELMAkG
A1UEBwwCVE8xCzAJBgNVBAoMAlRPMQswCQYDVQQLDAJUTzEYMBYGA1UEAwwPd3d3
LmV4YW1wbGUuY29tMIIBIjANBgkqhkiG9w0BAQEFAAOCAQ8AMIIBCgKCAQEAwQWe
ziYJJT7ocqaO1hnE5KBRLvz1BBg8gDxBNKu4iE/dFzl5FvVHDukX85lfH0St2EXg
AhAfq/mLO5hbHI7mvKpqV8sWjw7fSVynSfq4T9RoUs7oMf2B7YgzGGlZYJYBgTqS
DGelOvpMsueh61dn4Libt5cYBYWZm/bPZ6cl6DWShK/A9YjmBW1IJCXJZ8SkcMWE
sUg6iDFeyal623kz/+ToEsoL9nPAYQnUhHM7uGfUA9X+WbYfwhtOZkBYWrE62tko
CskHqioNnt5uRG6sagJ4oHPX0efz5RJj93lyxFbM74Vyn0vsDC9rsXuhQi1jPe5n
LrHoien1+IB3vkq//wIDAQABMA0GCSqGSIb3DQEBCwUAA4IBAQCWHrmnicO0E/E7
llIkE5YaVXDhSZwHMJXf9crMcXPMdKhpCabvTfekDZj52NvtB9DJohR65ErxzDy8
eKpZ1Sf+Kpyx/UwtCpvpdZvdDgbJznWk8KL8wG7OJhh/dAQof2Amy5dodcZL3M7I
TNC91xc+mvjfEMjVaAoVFhxA2GHCR92qJdhYy+2QC4x0OIuDU1QM7W0K1ZgHntx9
Lx6VqHixS9oyB4NiYL/OxzKPWy1MY8WxQ15R0Z9SjlFqvPrzRa9KCvCKFHk00aRo
btMptM1xnqElXEgpac+wdHlX5t2DSosdXL9Xr7/NlQNI59V0ys0BNJr3Nr+CD1Mk
Z7Yrda3b
-----END CERTIFICATE-----

---------END CERTIFICATE---------

---------START Certificate---------
Write at: 19:27:22

NO CRL AND OCSP EXTENSIONS FOUND. THIS IS DANGEROUS
---------END Certificate---------

---------START Certificate---------
Write at: 19:27:22

NO CRL AND OCSP EXTENSIONS FOUND. THIS IS DANGEROUS
---------END Certificate---------

---------START Certificate---------
Write at: 19:27:22

NO CRL AND OCSP EXTENSIONS FOUND. THIS IS DANGEROUS
---------END Certificate---------

---------START Certificate---------
Write at: 19:27:22

NO CRL AND OCSP EXTENSIONS FOUND. THIS IS DANGEROUS
---------END Certificate---------

---------START CERTIFICATE---------
Write at: 19:42:42

-----BEGIN CERTIFICATE-----
MIIDMjCCAhoCCQDFsnkVYlL1zTANBgkqhkiG9w0BAQsFADBbMQswCQYDVQQGEwJU
TzELMAkGA1UECAwCVE8xCzAJBgNVBAcMAlRPMQswCQYDVQQKDAJUTzELMAkGA1UE
CwwCVE8xGDAWBgNVBAMMD3d3dy5leGFtcGxlLmNvbTAeFw0yMjAzMjUxNDQ2MjFa
Fw0yNDEyMTkxNDQ2MjFaMFsxCzAJBgNVBAYTAlRPMQswCQYDVQQIDAJUTzELMAkG
A1UEBwwCVE8xCzAJBgNVBAoMAlRPMQswCQYDVQQLDAJUTzEYMBYGA1UEAwwPd3d3
LmV4YW1wbGUuY29tMIIBIjANBgkqhkiG9w0BAQEFAAOCAQ8AMIIBCgKCAQEAwQWe
ziYJJT7ocqaO1hnE5KBRLvz1BBg8gDxBNKu4iE/dFzl5FvVHDukX85lfH0St2EXg
AhAfq/mLO5hbHI7mvKpqV8sWjw7fSVynSfq4T9RoUs7oMf2B7YgzGGlZYJYBgTqS
DGelOvpMsueh61dn4Libt5cYBYWZm/bPZ6cl6DWShK/A9YjmBW1IJCXJZ8SkcMWE
sUg6iDFeyal623kz/+ToEsoL9nPAYQnUhHM7uGfUA9X+WbYfwhtOZkBYWrE62tko
CskHqioNnt5uRG6sagJ4oHPX0efz5RJj93lyxFbM74Vyn0vsDC9rsXuhQi1jPe5n
LrHoien1+IB3vkq//wIDAQABMA0GCSqGSIb3DQEBCwUAA4IBAQCWHrmnicO0E/E7
llIkE5YaVXDhSZwHMJXf9crMcXPMdKhpCabvTfekDZj52NvtB9DJohR65ErxzDy8
eKpZ1Sf+Kpyx/UwtCpvpdZvdDgbJznWk8KL8wG7OJhh/dAQof2Amy5dodcZL3M7I
TNC91xc+mvjfEMjVaAoVFhxA2GHCR92qJdhYy+2QC4x0OIuDU1QM7W0K1ZgHntx9
Lx6VqHixS9oyB4NiYL/OxzKPWy1MY8WxQ15R0Z9SjlFqvPrzRa9KCvCKFHk00aRo
btMptM1xnqElXEgpac+wdHlX5t2DSosdXL9Xr7/NlQNI59V0ys0BNJr3Nr+CD1Mk
Z7Yrda3b
-----END CERTIFICATE-----

---------END CERTIFICATE---------

---------START CERTIFICATE---------
Write at: 19:42:42

-----BEGIN CERTIFICATE-----
MIIDMjCCAhoCCQDFsnkVYlL1zTANBgkqhkiG9w0BAQsFADBbMQswCQYDVQQGEwJU
TzELMAkGA1UECAwCVE8xCzAJBgNVBAcMAlRPMQswCQYDVQQKDAJUTzELMAkGA1UE
CwwCVE8xGDAWBgNVBAMMD3d3dy5leGFtcGxlLmNvbTAeFw0yMjAzMjUxNDQ2MjFa
Fw0yNDEyMTkxNDQ2MjFaMFsxCzAJBgNVBAYTAlRPMQswCQYDVQQIDAJUTzELMAkG
A1UEBwwCVE8xCzAJBgNVBAoMAlRPMQswCQYDVQQLDAJUTzEYMBYGA1UEAwwPd3d3
LmV4YW1wbGUuY29tMIIBIjANBgkqhkiG9w0BAQEFAAOCAQ8AMIIBCgKCAQEAwQWe
ziYJJT7ocqaO1hnE5KBRLvz1BBg8gDxBNKu4iE/dFzl5FvVHDukX85lfH0St2EXg
AhAfq/mLO5hbHI7mvKpqV8sWjw7fSVynSfq4T9RoUs7oMf2B7YgzGGlZYJYBgTqS
DGelOvpMsueh61dn4Libt5cYBYWZm/bPZ6cl6DWShK/A9YjmBW1IJCXJZ8SkcMWE
sUg6iDFeyal623kz/+ToEsoL9nPAYQnUhHM7uGfUA9X+WbYfwhtOZkBYWrE62tko
CskHqioNnt5uRG6sagJ4oHPX0efz5RJj93lyxFbM74Vyn0vsDC9rsXuhQi1jPe5n
LrHoien1+IB3vkq//wIDAQABMA0GCSqGSIb3DQEBCwUAA4IBAQCWHrmnicO0E/E7
llIkE5YaVXDhSZwHMJXf9crMcXPMdKhpCabvTfekDZj52NvtB9DJohR65ErxzDy8
eKpZ1Sf+Kpyx/UwtCpvpdZvdDgbJznWk8KL8wG7OJhh/dAQof2Amy5dodcZL3M7I
TNC91xc+mvjfEMjVaAoVFhxA2GHCR92qJdhYy+2QC4x0OIuDU1QM7W0K1ZgHntx9
Lx6VqHixS9oyB4NiYL/OxzKPWy1MY8WxQ15R0Z9SjlFqvPrzRa9KCvCKFHk00aRo
btMptM1xnqElXEgpac+wdHlX5t2DSosdXL9Xr7/NlQNI59V0ys0BNJr3Nr+CD1Mk
Z7Yrda3b
-----END CERTIFICATE-----

---------END CERTIFICATE---------

---------START CERTIFICATE---------
Write at: 19:42:42

-----BEGIN CERTIFICATE-----
MIIDMjCCAhoCCQDFsnkVYlL1zTANBgkqhkiG9w0BAQsFADBbMQswCQYDVQQGEwJU
TzELMAkGA1UECAwCVE8xCzAJBgNVBAcMAlRPMQswCQYDVQQKDAJUTzELMAkGA1UE
CwwCVE8xGDAWBgNVBAMMD3d3dy5leGFtcGxlLmNvbTAeFw0yMjAzMjUxNDQ2MjFa
Fw0yNDEyMTkxNDQ2MjFaMFsxCzAJBgNVBAYTAlRPMQswCQYDVQQIDAJUTzELMAkG
A1UEBwwCVE8xCzAJBgNVBAoMAlRPMQswCQYDVQQLDAJUTzEYMBYGA1UEAwwPd3d3
LmV4YW1wbGUuY29tMIIBIjANBgkqhkiG9w0BAQEFAAOCAQ8AMIIBCgKCAQEAwQWe
ziYJJT7ocqaO1hnE5KBRLvz1BBg8gDxBNKu4iE/dFzl5FvVHDukX85lfH0St2EXg
AhAfq/mLO5hbHI7mvKpqV8sWjw7fSVynSfq4T9RoUs7oMf2B7YgzGGlZYJYBgTqS
DGelOvpMsueh61dn4Libt5cYBYWZm/bPZ6cl6DWShK/A9YjmBW1IJCXJZ8SkcMWE
sUg6iDFeyal623kz/+ToEsoL9nPAYQnUhHM7uGfUA9X+WbYfwhtOZkBYWrE62tko
CskHqioNnt5uRG6sagJ4oHPX0efz5RJj93lyxFbM74Vyn0vsDC9rsXuhQi1jPe5n
LrHoien1+IB3vkq//wIDAQABMA0GCSqGSIb3DQEBCwUAA4IBAQCWHrmnicO0E/E7
llIkE5YaVXDhSZwHMJXf9crMcXPMdKhpCabvTfekDZj52NvtB9DJohR65ErxzDy8
eKpZ1Sf+Kpyx/UwtCpvpdZvdDgbJznWk8KL8wG7OJhh/dAQof2Amy5dodcZL3M7I
TNC91xc+mvjfEMjVaAoVFhxA2GHCR92qJdhYy+2QC4x0OIuDU1QM7W0K1ZgHntx9
Lx6VqHixS9oyB4NiYL/OxzKPWy1MY8WxQ15R0Z9SjlFqvPrzRa9KCvCKFHk00aRo
btMptM1xnqElXEgpac+wdHlX5t2DSosdXL9Xr7/NlQNI59V0ys0BNJr3Nr+CD1Mk
Z7Yrda3b
-----END CERTIFICATE-----

---------END CERTIFICATE---------

---------START CERTIFICATE---------
Write at: 19:42:42

-----BEGIN CERTIFICATE-----
MIIDMjCCAhoCCQDFsnkVYlL1zTANBgkqhkiG9w0BAQsFADBbMQswCQYDVQQGEwJU
TzELMAkGA1UECAwCVE8xCzAJBgNVBAcMAlRPMQswCQYDVQQKDAJUTzELMAkGA1UE
CwwCVE8xGDAWBgNVBAMMD3d3dy5leGFtcGxlLmNvbTAeFw0yMjAzMjUxNDQ2MjFa
Fw0yNDEyMTkxNDQ2MjFaMFsxCzAJBgNVBAYTAlRPMQswCQYDVQQIDAJUTzELMAkG
A1UEBwwCVE8xCzAJBgNVBAoMAlRPMQswCQYDVQQLDAJUTzEYMBYGA1UEAwwPd3d3
LmV4YW1wbGUuY29tMIIBIjANBgkqhkiG9w0BAQEFAAOCAQ8AMIIBCgKCAQEAwQWe
ziYJJT7ocqaO1hnE5KBRLvz1BBg8gDxBNKu4iE/dFzl5FvVHDukX85lfH0St2EXg
AhAfq/mLO5hbHI7mvKpqV8sWjw7fSVynSfq4T9RoUs7oMf2B7YgzGGlZYJYBgTqS
DGelOvpMsueh61dn4Libt5cYBYWZm/bPZ6cl6DWShK/A9YjmBW1IJCXJZ8SkcMWE
sUg6iDFeyal623kz/+ToEsoL9nPAYQnUhHM7uGfUA9X+WbYfwhtOZkBYWrE62tko
CskHqioNnt5uRG6sagJ4oHPX0efz5RJj93lyxFbM74Vyn0vsDC9rsXuhQi1jPe5n
LrHoien1+IB3vkq//wIDAQABMA0GCSqGSIb3DQEBCwUAA4IBAQCWHrmnicO0E/E7
llIkE5YaVXDhSZwHMJXf9crMcXPMdKhpCabvTfekDZj52NvtB9DJohR65ErxzDy8
eKpZ1Sf+Kpyx/UwtCpvpdZvdDgbJznWk8KL8wG7OJhh/dAQof2Amy5dodcZL3M7I
TNC91xc+mvjfEMjVaAoVFhxA2GHCR92qJdhYy+2QC4x0OIuDU1QM7W0K1ZgHntx9
Lx6VqHixS9oyB4NiYL/OxzKPWy1MY8WxQ15R0Z9SjlFqvPrzRa9KCvCKFHk00aRo
btMptM1xnqElXEgpac+wdHlX5t2DSosdXL9Xr7/NlQNI59V0ys0BNJr3Nr+CD1Mk
Z7Yrda3b
-----END CERTIFICATE-----

---------END CERTIFICATE---------

---------START Certificate---------
Write at: 19:42:42

NO CRL AND OCSP EXTENSIONS FOUND. THIS IS DANGEROUS
---------END Certificate---------

---------START Certificate---------
Write at: 19:42:42

NO CRL AND OCSP EXTENSIONS FOUND. THIS IS DANGEROUS
---------END Certificate---------

---------START Certificate---------
Write at: 19:42:42

NO CRL AND OCSP EXTENSIONS FOUND. THIS IS DANGEROUS
---------END Certificate---------

---------START Certificate---------
Write at: 19:42:42

NO CRL AND OCSP EXTENSIONS FOUND. THIS IS DANGEROUS
---------END Certificate---------

---------START CERTIFICATE---------
Write at: 19:45:03

-----BEGIN CERTIFICATE-----
MIIDMjCCAhoCCQDFsnkVYlL1zTANBgkqhkiG9w0BAQsFADBbMQswCQYDVQQGEwJU
TzELMAkGA1UECAwCVE8xCzAJBgNVBAcMAlRPMQswCQYDVQQKDAJUTzELMAkGA1UE
CwwCVE8xGDAWBgNVBAMMD3d3dy5leGFtcGxlLmNvbTAeFw0yMjAzMjUxNDQ2MjFa
Fw0yNDEyMTkxNDQ2MjFaMFsxCzAJBgNVBAYTAlRPMQswCQYDVQQIDAJUTzELMAkG
A1UEBwwCVE8xCzAJBgNVBAoMAlRPMQswCQYDVQQLDAJUTzEYMBYGA1UEAwwPd3d3
LmV4YW1wbGUuY29tMIIBIjANBgkqhkiG9w0BAQEFAAOCAQ8AMIIBCgKCAQEAwQWe
ziYJJT7ocqaO1hnE5KBRLvz1BBg8gDxBNKu4iE/dFzl5FvVHDukX85lfH0St2EXg
AhAfq/mLO5hbHI7mvKpqV8sWjw7fSVynSfq4T9RoUs7oMf2B7YgzGGlZYJYBgTqS
DGelOvpMsueh61dn4Libt5cYBYWZm/bPZ6cl6DWShK/A9YjmBW1IJCXJZ8SkcMWE
sUg6iDFeyal623kz/+ToEsoL9nPAYQnUhHM7uGfUA9X+WbYfwhtOZkBYWrE62tko
CskHqioNnt5uRG6sagJ4oHPX0efz5RJj93lyxFbM74Vyn0vsDC9rsXuhQi1jPe5n
LrHoien1+IB3vkq//wIDAQABMA0GCSqGSIb3DQEBCwUAA4IBAQCWHrmnicO0E/E7
llIkE5YaVXDhSZwHMJXf9crMcXPMdKhpCabvTfekDZj52NvtB9DJohR65ErxzDy8
eKpZ1Sf+Kpyx/UwtCpvpdZvdDgbJznWk8KL8wG7OJhh/dAQof2Amy5dodcZL3M7I
TNC91xc+mvjfEMjVaAoVFhxA2GHCR92qJdhYy+2QC4x0OIuDU1QM7W0K1ZgHntx9
Lx6VqHixS9oyB4NiYL/OxzKPWy1MY8WxQ15R0Z9SjlFqvPrzRa9KCvCKFHk00aRo
btMptM1xnqElXEgpac+wdHlX5t2DSosdXL9Xr7/NlQNI59V0ys0BNJr3Nr+CD1Mk
Z7Yrda3b
-----END CERTIFICATE-----

---------END CERTIFICATE---------

---------START CERTIFICATE---------
Write at: 19:45:03

-----BEGIN CERTIFICATE-----
MIIDMjCCAhoCCQDFsnkVYlL1zTANBgkqhkiG9w0BAQsFADBbMQswCQYDVQQGEwJU
TzELMAkGA1UECAwCVE8xCzAJBgNVBAcMAlRPMQswCQYDVQQKDAJUTzELMAkGA1UE
CwwCVE8xGDAWBgNVBAMMD3d3dy5leGFtcGxlLmNvbTAeFw0yMjAzMjUxNDQ2MjFa
Fw0yNDEyMTkxNDQ2MjFaMFsxCzAJBgNVBAYTAlRPMQswCQYDVQQIDAJUTzELMAkG
A1UEBwwCVE8xCzAJBgNVBAoMAlRPMQswCQYDVQQLDAJUTzEYMBYGA1UEAwwPd3d3
LmV4YW1wbGUuY29tMIIBIjANBgkqhkiG9w0BAQEFAAOCAQ8AMIIBCgKCAQEAwQWe
ziYJJT7ocqaO1hnE5KBRLvz1BBg8gDxBNKu4iE/dFzl5FvVHDukX85lfH0St2EXg
AhAfq/mLO5hbHI7mvKpqV8sWjw7fSVynSfq4T9RoUs7oMf2B7YgzGGlZYJYBgTqS
DGelOvpMsueh61dn4Libt5cYBYWZm/bPZ6cl6DWShK/A9YjmBW1IJCXJZ8SkcMWE
sUg6iDFeyal623kz/+ToEsoL9nPAYQnUhHM7uGfUA9X+WbYfwhtOZkBYWrE62tko
CskHqioNnt5uRG6sagJ4oHPX0efz5RJj93lyxFbM74Vyn0vsDC9rsXuhQi1jPe5n
LrHoien1+IB3vkq//wIDAQABMA0GCSqGSIb3DQEBCwUAA4IBAQCWHrmnicO0E/E7
llIkE5YaVXDhSZwHMJXf9crMcXPMdKhpCabvTfekDZj52NvtB9DJohR65ErxzDy8
eKpZ1Sf+Kpyx/UwtCpvpdZvdDgbJznWk8KL8wG7OJhh/dAQof2Amy5dodcZL3M7I
TNC91xc+mvjfEMjVaAoVFhxA2GHCR92qJdhYy+2QC4x0OIuDU1QM7W0K1ZgHntx9
Lx6VqHixS9oyB4NiYL/OxzKPWy1MY8WxQ15R0Z9SjlFqvPrzRa9KCvCKFHk00aRo
btMptM1xnqElXEgpac+wdHlX5t2DSosdXL9Xr7/NlQNI59V0ys0BNJr3Nr+CD1Mk
Z7Yrda3b
-----END CERTIFICATE-----

---------END CERTIFICATE---------

---------START Certificate---------
Write at: 19:45:04

NO CRL AND OCSP EXTENSIONS FOUND. THIS IS DANGEROUS
---------END Certificate---------

---------START Certificate---------
Write at: 19:45:04

NO CRL AND OCSP EXTENSIONS FOUND. THIS IS DANGEROUS
---------END Certificate---------

---------START CERTIFICATE---------
Write at: 19:54:28

-----BEGIN CERTIFICATE-----
MIIDMjCCAhoCCQDFsnkVYlL1zTANBgkqhkiG9w0BAQsFADBbMQswCQYDVQQGEwJU
TzELMAkGA1UECAwCVE8xCzAJBgNVBAcMAlRPMQswCQYDVQQKDAJUTzELMAkGA1UE
CwwCVE8xGDAWBgNVBAMMD3d3dy5leGFtcGxlLmNvbTAeFw0yMjAzMjUxNDQ2MjFa
Fw0yNDEyMTkxNDQ2MjFaMFsxCzAJBgNVBAYTAlRPMQswCQYDVQQIDAJUTzELMAkG
A1UEBwwCVE8xCzAJBgNVBAoMAlRPMQswCQYDVQQLDAJUTzEYMBYGA1UEAwwPd3d3
LmV4YW1wbGUuY29tMIIBIjANBgkqhkiG9w0BAQEFAAOCAQ8AMIIBCgKCAQEAwQWe
ziYJJT7ocqaO1hnE5KBRLvz1BBg8gDxBNKu4iE/dFzl5FvVHDukX85lfH0St2EXg
AhAfq/mLO5hbHI7mvKpqV8sWjw7fSVynSfq4T9RoUs7oMf2B7YgzGGlZYJYBgTqS
DGelOvpMsueh61dn4Libt5cYBYWZm/bPZ6cl6DWShK/A9YjmBW1IJCXJZ8SkcMWE
sUg6iDFeyal623kz/+ToEsoL9nPAYQnUhHM7uGfUA9X+WbYfwhtOZkBYWrE62tko
CskHqioNnt5uRG6sagJ4oHPX0efz5RJj93lyxFbM74Vyn0vsDC9rsXuhQi1jPe5n
LrHoien1+IB3vkq//wIDAQABMA0GCSqGSIb3DQEBCwUAA4IBAQCWHrmnicO0E/E7
llIkE5YaVXDhSZwHMJXf9crMcXPMdKhpCabvTfekDZj52NvtB9DJohR65ErxzDy8
eKpZ1Sf+Kpyx/UwtCpvpdZvdDgbJznWk8KL8wG7OJhh/dAQof2Amy5dodcZL3M7I
TNC91xc+mvjfEMjVaAoVFhxA2GHCR92qJdhYy+2QC4x0OIuDU1QM7W0K1ZgHntx9
Lx6VqHixS9oyB4NiYL/OxzKPWy1MY8WxQ15R0Z9SjlFqvPrzRa9KCvCKFHk00aRo
btMptM1xnqElXEgpac+wdHlX5t2DSosdXL9Xr7/NlQNI59V0ys0BNJr3Nr+CD1Mk
Z7Yrda3b
-----END CERTIFICATE-----

---------END CERTIFICATE---------

---------START CERTIFICATE---------
Write at: 19:54:28

-----BEGIN CERTIFICATE-----
MIIDMjCCAhoCCQDFsnkVYlL1zTANBgkqhkiG9w0BAQsFADBbMQswCQYDVQQGEwJU
TzELMAkGA1UECAwCVE8xCzAJBgNVBAcMAlRPMQswCQYDVQQKDAJUTzELMAkGA1UE
CwwCVE8xGDAWBgNVBAMMD3d3dy5leGFtcGxlLmNvbTAeFw0yMjAzMjUxNDQ2MjFa
Fw0yNDEyMTkxNDQ2MjFaMFsxCzAJBgNVBAYTAlRPMQswCQYDVQQIDAJUTzELMAkG
A1UEBwwCVE8xCzAJBgNVBAoMAlRPMQswCQYDVQQLDAJUTzEYMBYGA1UEAwwPd3d3
LmV4YW1wbGUuY29tMIIBIjANBgkqhkiG9w0BAQEFAAOCAQ8AMIIBCgKCAQEAwQWe
ziYJJT7ocqaO1hnE5KBRLvz1BBg8gDxBNKu4iE/dFzl5FvVHDukX85lfH0St2EXg
AhAfq/mLO5hbHI7mvKpqV8sWjw7fSVynSfq4T9RoUs7oMf2B7YgzGGlZYJYBgTqS
DGelOvpMsueh61dn4Libt5cYBYWZm/bPZ6cl6DWShK/A9YjmBW1IJCXJZ8SkcMWE
sUg6iDFeyal623kz/+ToEsoL9nPAYQnUhHM7uGfUA9X+WbYfwhtOZkBYWrE62tko
CskHqioNnt5uRG6sagJ4oHPX0efz5RJj93lyxFbM74Vyn0vsDC9rsXuhQi1jPe5n
LrHoien1+IB3vkq//wIDAQABMA0GCSqGSIb3DQEBCwUAA4IBAQCWHrmnicO0E/E7
llIkE5YaVXDhSZwHMJXf9crMcXPMdKhpCabvTfekDZj52NvtB9DJohR65ErxzDy8
eKpZ1Sf+Kpyx/UwtCpvpdZvdDgbJznWk8KL8wG7OJhh/dAQof2Amy5dodcZL3M7I
TNC91xc+mvjfEMjVaAoVFhxA2GHCR92qJdhYy+2QC4x0OIuDU1QM7W0K1ZgHntx9
Lx6VqHixS9oyB4NiYL/OxzKPWy1MY8WxQ15R0Z9SjlFqvPrzRa9KCvCKFHk00aRo
btMptM1xnqElXEgpac+wdHlX5t2DSosdXL9Xr7/NlQNI59V0ys0BNJr3Nr+CD1Mk
Z7Yrda3b
-----END CERTIFICATE-----

---------END CERTIFICATE---------

---------START Certificate---------
Write at: 19:54:28

NO CRL AND OCSP EXTENSIONS FOUND. THIS IS DANGEROUS
---------END Certificate---------

---------START Certificate---------
Write at: 19:54:28

NO CRL AND OCSP EXTENSIONS FOUND. THIS IS DANGEROUS
---------END Certificate---------

---------START CERTIFICATE---------
Write at: 20:04:15

-----BEGIN CERTIFICATE-----
MIIDMjCCAhoCCQDFsnkVYlL1zTANBgkqhkiG9w0BAQsFADBbMQswCQYDVQQGEwJU
TzELMAkGA1UECAwCVE8xCzAJBgNVBAcMAlRPMQswCQYDVQQKDAJUTzELMAkGA1UE
CwwCVE8xGDAWBgNVBAMMD3d3dy5leGFtcGxlLmNvbTAeFw0yMjAzMjUxNDQ2MjFa
Fw0yNDEyMTkxNDQ2MjFaMFsxCzAJBgNVBAYTAlRPMQswCQYDVQQIDAJUTzELMAkG
A1UEBwwCVE8xCzAJBgNVBAoMAlRPMQswCQYDVQQLDAJUTzEYMBYGA1UEAwwPd3d3
LmV4YW1wbGUuY29tMIIBIjANBgkqhkiG9w0BAQEFAAOCAQ8AMIIBCgKCAQEAwQWe
ziYJJT7ocqaO1hnE5KBRLvz1BBg8gDxBNKu4iE/dFzl5FvVHDukX85lfH0St2EXg
AhAfq/mLO5hbHI7mvKpqV8sWjw7fSVynSfq4T9RoUs7oMf2B7YgzGGlZYJYBgTqS
DGelOvpMsueh61dn4Libt5cYBYWZm/bPZ6cl6DWShK/A9YjmBW1IJCXJZ8SkcMWE
sUg6iDFeyal623kz/+ToEsoL9nPAYQnUhHM7uGfUA9X+WbYfwhtOZkBYWrE62tko
CskHqioNnt5uRG6sagJ4oHPX0efz5RJj93lyxFbM74Vyn0vsDC9rsXuhQi1jPe5n
LrHoien1+IB3vkq//wIDAQABMA0GCSqGSIb3DQEBCwUAA4IBAQCWHrmnicO0E/E7
llIkE5YaVXDhSZwHMJXf9crMcXPMdKhpCabvTfekDZj52NvtB9DJohR65ErxzDy8
eKpZ1Sf+Kpyx/UwtCpvpdZvdDgbJznWk8KL8wG7OJhh/dAQof2Amy5dodcZL3M7I
TNC91xc+mvjfEMjVaAoVFhxA2GHCR92qJdhYy+2QC4x0OIuDU1QM7W0K1ZgHntx9
Lx6VqHixS9oyB4NiYL/OxzKPWy1MY8WxQ15R0Z9SjlFqvPrzRa9KCvCKFHk00aRo
btMptM1xnqElXEgpac+wdHlX5t2DSosdXL9Xr7/NlQNI59V0ys0BNJr3Nr+CD1Mk
Z7Yrda3b
-----END CERTIFICATE-----

---------END CERTIFICATE---------

---------START CERTIFICATE---------
Write at: 20:04:15

-----BEGIN CERTIFICATE-----
MIIDMjCCAhoCCQDFsnkVYlL1zTANBgkqhkiG9w0BAQsFADBbMQswCQYDVQQGEwJU
TzELMAkGA1UECAwCVE8xCzAJBgNVBAcMAlRPMQswCQYDVQQKDAJUTzELMAkGA1UE
CwwCVE8xGDAWBgNVBAMMD3d3dy5leGFtcGxlLmNvbTAeFw0yMjAzMjUxNDQ2MjFa
Fw0yNDEyMTkxNDQ2MjFaMFsxCzAJBgNVBAYTAlRPMQswCQYDVQQIDAJUTzELMAkG
A1UEBwwCVE8xCzAJBgNVBAoMAlRPMQswCQYDVQQLDAJUTzEYMBYGA1UEAwwPd3d3
LmV4YW1wbGUuY29tMIIBIjANBgkqhkiG9w0BAQEFAAOCAQ8AMIIBCgKCAQEAwQWe
ziYJJT7ocqaO1hnE5KBRLvz1BBg8gDxBNKu4iE/dFzl5FvVHDukX85lfH0St2EXg
AhAfq/mLO5hbHI7mvKpqV8sWjw7fSVynSfq4T9RoUs7oMf2B7YgzGGlZYJYBgTqS
DGelOvpMsueh61dn4Libt5cYBYWZm/bPZ6cl6DWShK/A9YjmBW1IJCXJZ8SkcMWE
sUg6iDFeyal623kz/+ToEsoL9nPAYQnUhHM7uGfUA9X+WbYfwhtOZkBYWrE62tko
CskHqioNnt5uRG6sagJ4oHPX0efz5RJj93lyxFbM74Vyn0vsDC9rsXuhQi1jPe5n
LrHoien1+IB3vkq//wIDAQABMA0GCSqGSIb3DQEBCwUAA4IBAQCWHrmnicO0E/E7
llIkE5YaVXDhSZwHMJXf9crMcXPMdKhpCabvTfekDZj52NvtB9DJohR65ErxzDy8
eKpZ1Sf+Kpyx/UwtCpvpdZvdDgbJznWk8KL8wG7OJhh/dAQof2Amy5dodcZL3M7I
TNC91xc+mvjfEMjVaAoVFhxA2GHCR92qJdhYy+2QC4x0OIuDU1QM7W0K1ZgHntx9
Lx6VqHixS9oyB4NiYL/OxzKPWy1MY8WxQ15R0Z9SjlFqvPrzRa9KCvCKFHk00aRo
btMptM1xnqElXEgpac+wdHlX5t2DSosdXL9Xr7/NlQNI59V0ys0BNJr3Nr+CD1Mk
Z7Yrda3b
-----END CERTIFICATE-----

---------END CERTIFICATE---------

---------START Certificate---------
Write at: 20:04:15

NO CRL AND OCSP EXTENSIONS FOUND. THIS IS DANGEROUS
---------END Certificate---------

---------START Certificate---------
Write at: 20:04:15

NO CRL AND OCSP EXTENSIONS FOUND. THIS IS DANGEROUS
---------END Certificate---------

---------START CERTIFICATE---------
Write at: 20:31:17

-----BEGIN CERTIFICATE-----
MIIDMjCCAhoCCQDFsnkVYlL1zTANBgkqhkiG9w0BAQsFADBbMQswCQYDVQQGEwJU
TzELMAkGA1UECAwCVE8xCzAJBgNVBAcMAlRPMQswCQYDVQQKDAJUTzELMAkGA1UE
CwwCVE8xGDAWBgNVBAMMD3d3dy5leGFtcGxlLmNvbTAeFw0yMjAzMjUxNDQ2MjFa
Fw0yNDEyMTkxNDQ2MjFaMFsxCzAJBgNVBAYTAlRPMQswCQYDVQQIDAJUTzELMAkG
A1UEBwwCVE8xCzAJBgNVBAoMAlRPMQswCQYDVQQLDAJUTzEYMBYGA1UEAwwPd3d3
LmV4YW1wbGUuY29tMIIBIjANBgkqhkiG9w0BAQEFAAOCAQ8AMIIBCgKCAQEAwQWe
ziYJJT7ocqaO1hnE5KBRLvz1BBg8gDxBNKu4iE/dFzl5FvVHDukX85lfH0St2EXg
AhAfq/mLO5hbHI7mvKpqV8sWjw7fSVynSfq4T9RoUs7oMf2B7YgzGGlZYJYBgTqS
DGelOvpMsueh61dn4Libt5cYBYWZm/bPZ6cl6DWShK/A9YjmBW1IJCXJZ8SkcMWE
sUg6iDFeyal623kz/+ToEsoL9nPAYQnUhHM7uGfUA9X+WbYfwhtOZkBYWrE62tko
CskHqioNnt5uRG6sagJ4oHPX0efz5RJj93lyxFbM74Vyn0vsDC9rsXuhQi1jPe5n
LrHoien1+IB3vkq//wIDAQABMA0GCSqGSIb3DQEBCwUAA4IBAQCWHrmnicO0E/E7
llIkE5YaVXDhSZwHMJXf9crMcXPMdKhpCabvTfekDZj52NvtB9DJohR65ErxzDy8
eKpZ1Sf+Kpyx/UwtCpvpdZvdDgbJznWk8KL8wG7OJhh/dAQof2Amy5dodcZL3M7I
TNC91xc+mvjfEMjVaAoVFhxA2GHCR92qJdhYy+2QC4x0OIuDU1QM7W0K1ZgHntx9
Lx6VqHixS9oyB4NiYL/OxzKPWy1MY8WxQ15R0Z9SjlFqvPrzRa9KCvCKFHk00aRo
btMptM1xnqElXEgpac+wdHlX5t2DSosdXL9Xr7/NlQNI59V0ys0BNJr3Nr+CD1Mk
Z7Yrda3b
-----END CERTIFICATE-----

---------END CERTIFICATE---------

---------START CERTIFICATE---------
Write at: 20:31:17

-----BEGIN CERTIFICATE-----
MIIDMjCCAhoCCQDFsnkVYlL1zTANBgkqhkiG9w0BAQsFADBbMQswCQYDVQQGEwJU
TzELMAkGA1UECAwCVE8xCzAJBgNVBAcMAlRPMQswCQYDVQQKDAJUTzELMAkGA1UE
CwwCVE8xGDAWBgNVBAMMD3d3dy5leGFtcGxlLmNvbTAeFw0yMjAzMjUxNDQ2MjFa
Fw0yNDEyMTkxNDQ2MjFaMFsxCzAJBgNVBAYTAlRPMQswCQYDVQQIDAJUTzELMAkG
A1UEBwwCVE8xCzAJBgNVBAoMAlRPMQswCQYDVQQLDAJUTzEYMBYGA1UEAwwPd3d3
LmV4YW1wbGUuY29tMIIBIjANBgkqhkiG9w0BAQEFAAOCAQ8AMIIBCgKCAQEAwQWe
ziYJJT7ocqaO1hnE5KBRLvz1BBg8gDxBNKu4iE/dFzl5FvVHDukX85lfH0St2EXg
AhAfq/mLO5hbHI7mvKpqV8sWjw7fSVynSfq4T9RoUs7oMf2B7YgzGGlZYJYBgTqS
DGelOvpMsueh61dn4Libt5cYBYWZm/bPZ6cl6DWShK/A9YjmBW1IJCXJZ8SkcMWE
sUg6iDFeyal623kz/+ToEsoL9nPAYQnUhHM7uGfUA9X+WbYfwhtOZkBYWrE62tko
CskHqioNnt5uRG6sagJ4oHPX0efz5RJj93lyxFbM74Vyn0vsDC9rsXuhQi1jPe5n
LrHoien1+IB3vkq//wIDAQABMA0GCSqGSIb3DQEBCwUAA4IBAQCWHrmnicO0E/E7
llIkE5YaVXDhSZwHMJXf9crMcXPMdKhpCabvTfekDZj52NvtB9DJohR65ErxzDy8
eKpZ1Sf+Kpyx/UwtCpvpdZvdDgbJznWk8KL8wG7OJhh/dAQof2Amy5dodcZL3M7I
TNC91xc+mvjfEMjVaAoVFhxA2GHCR92qJdhYy+2QC4x0OIuDU1QM7W0K1ZgHntx9
Lx6VqHixS9oyB4NiYL/OxzKPWy1MY8WxQ15R0Z9SjlFqvPrzRa9KCvCKFHk00aRo
btMptM1xnqElXEgpac+wdHlX5t2DSosdXL9Xr7/NlQNI59V0ys0BNJr3Nr+CD1Mk
Z7Yrda3b
-----END CERTIFICATE-----

---------END CERTIFICATE---------

---------START Certificate---------
Write at: 20:31:17

NO CRL AND OCSP EXTENSIONS FOUND. THIS IS DANGEROUS
---------END Certificate---------

---------START Certificate---------
Write at: 20:31:17

NO CRL AND OCSP EXTENSIONS FOUND. THIS IS DANGEROUS
---------END Certificate---------

---------START CERTIFICATE---------
Write at: 20:51:05

-----BEGIN CERTIFICATE-----
MIIDMjCCAhoCCQDFsnkVYlL1zTANBgkqhkiG9w0BAQsFADBbMQswCQYDVQQGEwJU
TzELMAkGA1UECAwCVE8xCzAJBgNVBAcMAlRPMQswCQYDVQQKDAJUTzELMAkGA1UE
CwwCVE8xGDAWBgNVBAMMD3d3dy5leGFtcGxlLmNvbTAeFw0yMjAzMjUxNDQ2MjFa
Fw0yNDEyMTkxNDQ2MjFaMFsxCzAJBgNVBAYTAlRPMQswCQYDVQQIDAJUTzELMAkG
A1UEBwwCVE8xCzAJBgNVBAoMAlRPMQswCQYDVQQLDAJUTzEYMBYGA1UEAwwPd3d3
LmV4YW1wbGUuY29tMIIBIjANBgkqhkiG9w0BAQEFAAOCAQ8AMIIBCgKCAQEAwQWe
ziYJJT7ocqaO1hnE5KBRLvz1BBg8gDxBNKu4iE/dFzl5FvVHDukX85lfH0St2EXg
AhAfq/mLO5hbHI7mvKpqV8sWjw7fSVynSfq4T9RoUs7oMf2B7YgzGGlZYJYBgTqS
DGelOvpMsueh61dn4Libt5cYBYWZm/bPZ6cl6DWShK/A9YjmBW1IJCXJZ8SkcMWE
sUg6iDFeyal623kz/+ToEsoL9nPAYQnUhHM7uGfUA9X+WbYfwhtOZkBYWrE62tko
CskHqioNnt5uRG6sagJ4oHPX0efz5RJj93lyxFbM74Vyn0vsDC9rsXuhQi1jPe5n
LrHoien1+IB3vkq//wIDAQABMA0GCSqGSIb3DQEBCwUAA4IBAQCWHrmnicO0E/E7
llIkE5YaVXDhSZwHMJXf9crMcXPMdKhpCabvTfekDZj52NvtB9DJohR65ErxzDy8
eKpZ1Sf+Kpyx/UwtCpvpdZvdDgbJznWk8KL8wG7OJhh/dAQof2Amy5dodcZL3M7I
TNC91xc+mvjfEMjVaAoVFhxA2GHCR92qJdhYy+2QC4x0OIuDU1QM7W0K1ZgHntx9
Lx6VqHixS9oyB4NiYL/OxzKPWy1MY8WxQ15R0Z9SjlFqvPrzRa9KCvCKFHk00aRo
btMptM1xnqElXEgpac+wdHlX5t2DSosdXL9Xr7/NlQNI59V0ys0BNJr3Nr+CD1Mk
Z7Yrda3b
-----END CERTIFICATE-----

---------END CERTIFICATE---------

---------START CERTIFICATE---------
Write at: 20:51:05

-----BEGIN CERTIFICATE-----
MIIDMjCCAhoCCQDFsnkVYlL1zTANBgkqhkiG9w0BAQsFADBbMQswCQYDVQQGEwJU
TzELMAkGA1UECAwCVE8xCzAJBgNVBAcMAlRPMQswCQYDVQQKDAJUTzELMAkGA1UE
CwwCVE8xGDAWBgNVBAMMD3d3dy5leGFtcGxlLmNvbTAeFw0yMjAzMjUxNDQ2MjFa
Fw0yNDEyMTkxNDQ2MjFaMFsxCzAJBgNVBAYTAlRPMQswCQYDVQQIDAJUTzELMAkG
A1UEBwwCVE8xCzAJBgNVBAoMAlRPMQswCQYDVQQLDAJUTzEYMBYGA1UEAwwPd3d3
LmV4YW1wbGUuY29tMIIBIjANBgkqhkiG9w0BAQEFAAOCAQ8AMIIBCgKCAQEAwQWe
ziYJJT7ocqaO1hnE5KBRLvz1BBg8gDxBNKu4iE/dFzl5FvVHDukX85lfH0St2EXg
AhAfq/mLO5hbHI7mvKpqV8sWjw7fSVynSfq4T9RoUs7oMf2B7YgzGGlZYJYBgTqS
DGelOvpMsueh61dn4Libt5cYBYWZm/bPZ6cl6DWShK/A9YjmBW1IJCXJZ8SkcMWE
sUg6iDFeyal623kz/+ToEsoL9nPAYQnUhHM7uGfUA9X+WbYfwhtOZkBYWrE62tko
CskHqioNnt5uRG6sagJ4oHPX0efz5RJj93lyxFbM74Vyn0vsDC9rsXuhQi1jPe5n
LrHoien1+IB3vkq//wIDAQABMA0GCSqGSIb3DQEBCwUAA4IBAQCWHrmnicO0E/E7
llIkE5YaVXDhSZwHMJXf9crMcXPMdKhpCabvTfekDZj52NvtB9DJohR65ErxzDy8
eKpZ1Sf+Kpyx/UwtCpvpdZvdDgbJznWk8KL8wG7OJhh/dAQof2Amy5dodcZL3M7I
TNC91xc+mvjfEMjVaAoVFhxA2GHCR92qJdhYy+2QC4x0OIuDU1QM7W0K1ZgHntx9
Lx6VqHixS9oyB4NiYL/OxzKPWy1MY8WxQ15R0Z9SjlFqvPrzRa9KCvCKFHk00aRo
btMptM1xnqElXEgpac+wdHlX5t2DSosdXL9Xr7/NlQNI59V0ys0BNJr3Nr+CD1Mk
Z7Yrda3b
-----END CERTIFICATE-----

---------END CERTIFICATE---------

---------START Certificate---------
Write at: 20:51:05

NO CRL AND OCSP EXTENSIONS FOUND. THIS IS DANGEROUS
---------END Certificate---------

---------START Certificate---------
Write at: 20:51:05

NO CRL AND OCSP EXTENSIONS FOUND. THIS IS DANGEROUS
---------END Certificate---------

---------START CERTIFICATE---------
Write at: 20:54:51

-----BEGIN CERTIFICATE-----
MIIDMjCCAhoCCQDFsnkVYlL1zTANBgkqhkiG9w0BAQsFADBbMQswCQYDVQQGEwJU
TzELMAkGA1UECAwCVE8xCzAJBgNVBAcMAlRPMQswCQYDVQQKDAJUTzELMAkGA1UE
CwwCVE8xGDAWBgNVBAMMD3d3dy5leGFtcGxlLmNvbTAeFw0yMjAzMjUxNDQ2MjFa
Fw0yNDEyMTkxNDQ2MjFaMFsxCzAJBgNVBAYTAlRPMQswCQYDVQQIDAJUTzELMAkG
A1UEBwwCVE8xCzAJBgNVBAoMAlRPMQswCQYDVQQLDAJUTzEYMBYGA1UEAwwPd3d3
LmV4YW1wbGUuY29tMIIBIjANBgkqhkiG9w0BAQEFAAOCAQ8AMIIBCgKCAQEAwQWe
ziYJJT7ocqaO1hnE5KBRLvz1BBg8gDxBNKu4iE/dFzl5FvVHDukX85lfH0St2EXg
AhAfq/mLO5hbHI7mvKpqV8sWjw7fSVynSfq4T9RoUs7oMf2B7YgzGGlZYJYBgTqS
DGelOvpMsueh61dn4Libt5cYBYWZm/bPZ6cl6DWShK/A9YjmBW1IJCXJZ8SkcMWE
sUg6iDFeyal623kz/+ToEsoL9nPAYQnUhHM7uGfUA9X+WbYfwhtOZkBYWrE62tko
CskHqioNnt5uRG6sagJ4oHPX0efz5RJj93lyxFbM74Vyn0vsDC9rsXuhQi1jPe5n
LrHoien1+IB3vkq//wIDAQABMA0GCSqGSIb3DQEBCwUAA4IBAQCWHrmnicO0E/E7
llIkE5YaVXDhSZwHMJXf9crMcXPMdKhpCabvTfekDZj52NvtB9DJohR65ErxzDy8
eKpZ1Sf+Kpyx/UwtCpvpdZvdDgbJznWk8KL8wG7OJhh/dAQof2Amy5dodcZL3M7I
TNC91xc+mvjfEMjVaAoVFhxA2GHCR92qJdhYy+2QC4x0OIuDU1QM7W0K1ZgHntx9
Lx6VqHixS9oyB4NiYL/OxzKPWy1MY8WxQ15R0Z9SjlFqvPrzRa9KCvCKFHk00aRo
btMptM1xnqElXEgpac+wdHlX5t2DSosdXL9Xr7/NlQNI59V0ys0BNJr3Nr+CD1Mk
Z7Yrda3b
-----END CERTIFICATE-----

---------END CERTIFICATE---------

---------START CERTIFICATE---------
Write at: 20:54:51

-----BEGIN CERTIFICATE-----
MIIDMjCCAhoCCQDFsnkVYlL1zTANBgkqhkiG9w0BAQsFADBbMQswCQYDVQQGEwJU
TzELMAkGA1UECAwCVE8xCzAJBgNVBAcMAlRPMQswCQYDVQQKDAJUTzELMAkGA1UE
CwwCVE8xGDAWBgNVBAMMD3d3dy5leGFtcGxlLmNvbTAeFw0yMjAzMjUxNDQ2MjFa
Fw0yNDEyMTkxNDQ2MjFaMFsxCzAJBgNVBAYTAlRPMQswCQYDVQQIDAJUTzELMAkG
A1UEBwwCVE8xCzAJBgNVBAoMAlRPMQswCQYDVQQLDAJUTzEYMBYGA1UEAwwPd3d3
LmV4YW1wbGUuY29tMIIBIjANBgkqhkiG9w0BAQEFAAOCAQ8AMIIBCgKCAQEAwQWe
ziYJJT7ocqaO1hnE5KBRLvz1BBg8gDxBNKu4iE/dFzl5FvVHDukX85lfH0St2EXg
AhAfq/mLO5hbHI7mvKpqV8sWjw7fSVynSfq4T9RoUs7oMf2B7YgzGGlZYJYBgTqS
DGelOvpMsueh61dn4Libt5cYBYWZm/bPZ6cl6DWShK/A9YjmBW1IJCXJZ8SkcMWE
sUg6iDFeyal623kz/+ToEsoL9nPAYQnUhHM7uGfUA9X+WbYfwhtOZkBYWrE62tko
CskHqioNnt5uRG6sagJ4oHPX0efz5RJj93lyxFbM74Vyn0vsDC9rsXuhQi1jPe5n
LrHoien1+IB3vkq//wIDAQABMA0GCSqGSIb3DQEBCwUAA4IBAQCWHrmnicO0E/E7
llIkE5YaVXDhSZwHMJXf9crMcXPMdKhpCabvTfekDZj52NvtB9DJohR65ErxzDy8
eKpZ1Sf+Kpyx/UwtCpvpdZvdDgbJznWk8KL8wG7OJhh/dAQof2Amy5dodcZL3M7I
TNC91xc+mvjfEMjVaAoVFhxA2GHCR92qJdhYy+2QC4x0OIuDU1QM7W0K1ZgHntx9
Lx6VqHixS9oyB4NiYL/OxzKPWy1MY8WxQ15R0Z9SjlFqvPrzRa9KCvCKFHk00aRo
btMptM1xnqElXEgpac+wdHlX5t2DSosdXL9Xr7/NlQNI59V0ys0BNJr3Nr+CD1Mk
Z7Yrda3b
-----END CERTIFICATE-----

---------END CERTIFICATE---------

---------START Certificate---------
Write at: 20:54:51

NO CRL AND OCSP EXTENSIONS FOUND. THIS IS DANGEROUS
---------END Certificate---------

---------START Certificate---------
Write at: 20:54:51

NO CRL AND OCSP EXTENSIONS FOUND. THIS IS DANGEROUS
---------END Certificate---------

