---------START HEARTBLEED BY NMAP---------
Write at: 20:32:36

Starting Nmap 7.92 ( https://nmap.org ) at 2024-10-09 20:32 EDT
Nmap scan report for 10.0.2.5
Host is up (0.00026s latency).

PORT    STATE SERVICE  VERSION
443/tcp open  ssl/http Apache httpd 2.4.7 ((Ubuntu))
|_http-server-header: Apache/2.4.7 (Ubuntu)

Service detection performed. Please report any incorrect results at https://nmap.org/submit/ .
Nmap done: 1 IP address (1 host up) scanned in 27.40 seconds

---------END HEARTBLEED BY NMAP---------

---------START HEARTBLEED BY NMAP---------
Write at: 20:55:47

Starting Nmap 7.92 ( https://nmap.org ) at 2024-10-09 20:55 EDT
Nmap scan report for 10.0.2.5
Host is up (0.00032s latency).

PORT    STATE SERVICE  VERSION
443/tcp open  ssl/http Apache httpd 2.4.7 ((Ubuntu))
|_http-server-header: Apache/2.4.7 (Ubuntu)

Service detection performed. Please report any incorrect results at https://nmap.org/submit/ .
Nmap done: 1 IP address (1 host up) scanned in 27.41 seconds

---------END HEARTBLEED BY NMAP---------

