---------START HEARTBLEED BY METASPLOIT---------
Write at: 20:32:09

o+:.                                      -o+:.[0m
[35m.+oooyysyyssyyssyddh++os-`````                        ```````````````          `[0m
[35m+++++++++++++++++++++++sydhyoyso/:.````...`...-///::+ohhyosyyosyy/+om++:ooo///o[0m
[35m++++///////~~~~///////++++++++++++++++ooyysoyysosso+++++++++++++++++++///oossosy[0m
[35m--.`                 .-.-...-////+++++++++++++++////////~~//////++++++++++++///[0m
[35m                                `...............`              `...-/////...`[0m
[0m
[0m
[37m                                  .::::::::::-.                     .::::::-[0m
[37m                                .hmMMMMMMMMMMNddds\...//M\\.../hddddmMMMMMMNo[0m
[37m                                 :Nm-/NMMMMMMMMMMMMM[34m$$[37mNMMMMm[34m&&[37mMMMMMMMMMMMMMMy[0m
[37m                                 .sm/`-yMMMMMMMMMMMM[34m$$[37mMMMMMN[34m&&[37mMMMMMMMMMMMMMh`[0m
[37m                                  -Nd`  :MMMMMMMMMMM[34m$$[37mMMMMMN[34m&&[37mMMMMMMMMMMMMh`[0m
[37m                                   -Nh` .yMMMMMMMMMM[34m$$[37mMMMMMN[34m&&[37mMMMMMMMMMMMm/[0m
[37m    `oo/``-hd:  ``                 .sNd  :MMMMMMMMMM[34m$$[37mMMMMMN[34m&&[37mMMMMMMMMMMm/[0m
[37m      .yNmMMh[2;31m//[37m+syysso-``````       -mh` :MMMMMMMMMM[34m$$[37mMMMMMN[34m&&[37mMMMMMMMMMMd[0m
[37m    .shMMMMN[2;31m//[37mdmNMMMMMMMMMMMMs`     `:```-o++++oooo+:/ooooo+:+o+++oooo++/[0m
[37m    `///omh[2;31m//[37mdMMMMMMMMMMMMMMMN/[2;31m:::::/+ooso--/ydh//+s+/ossssso:--syN///os:[0m
[37m          /MMMMMMMMMMMMMMMMMMd.     [2;31m`/++-.-yy/[37m...[2;31mosydh/-+oo:-`o//[37m...[2;31moyodh+[0m
[37m          -hMMmssddd+:dMMmNMMh.     [2;31m`.-=mmk.[37m//^^^\\[2;31m.^^`:++:^^o:[37m//^^^\\[2;31m`::[0m
[37m          .sMMmo.    -dMd--:mN/`           [37m||--X--||[0m          [2;31m[37m||--X--||[0m
[37m........../yddy/:...+hmo-...hdd:............[37m\\=v=//[0m............[2;31m[37m\\=v=//[0m.........
[32m================================================================================[0m
[32m=====================[37m+--------------------------------+[32m=========================[0m
[32m=====================[37m| Session one died of dysentery. |[32m=========================[0m
[32m=====================[37m+--------------------------------+[32m=========================[0m
[32m================================================================================[0m
[0m
[0m                     [32mPress ENTER to size up the situation[0m
[0m
[37m%%%%%%%%%%%%%%%%%%%%%%%%%%%%%%%%%%%%%%%%%%%%%%%%%%%%%%%%%%%%%%%%%%%%%%%%%%%%%%%%[0m
[37m%%%%%%%%%%%%%%%%%%%%%%%%%%%%% Date: April 25, 1848 %%%%%%%%%%%%%%%%%%%%%%%%%%%%%[0m
[37m%%%%%%%%%%%%%%%%%%%%%%%%%% Weather: It's always cool in the lab %%%%%%%%%%%%%%%%[0m
[37m%%%%%%%%%%%%%%%%%%%%%%%%%%% Health: Overweight %%%%%%%%%%%%%%%%%%%%%%%%%%%%%%%%%[0m
[37m%%%%%%%%%%%%%%%%%%%%%%%%% Caffeine: 12975 mg %%%%%%%%%%%%%%%%%%%%%%%%%%%%%%%%%%%[0m
[37m%%%%%%%%%%%%%%%%%%%%%%%%%%% Hacked: All the things %%%%%%%%%%%%%%%%%%%%%%%%%%%%%[0m
[37m%%%%%%%%%%%%%%%%%%%%%%%%%%%%%%%%%%%%%%%%%%%%%%%%%%%%%%%%%%%%%%%%%%%%%%%%%%%%%%%%[0m
[0m
[0m                        [37mPress SPACE BAR to continue[0m
[0m
[0m

       =[ [33mmetasploit v6.1.42-dev[0m                          ]
+ -- --=[ 2221 exploits - 1171 auxiliary - 397 post       ]
+ -- --=[ 877 payloads - 45 encoders - 11 nops            ]
+ -- --=[ 9 evasion                                       ]

Metasploit tip: Save the current environment with the 
[32msave[0m command, future console restarts will use this 
environment again

[1m[34m[*][0m Starting persistent handler(s)...
[0m[0mRHOST => 10.0.2.5
[0mRPORT => 443
[0mTLS_VERSION => 1.2
[0m[1m[34m[*][0m 10.0.2.5:443 - The target is not exploitable.
[0m
---------END HEARTBLEED BY METASPLOIT---------

---------START HEARTBLEED BY METASPLOIT---------
Write at: 20:55:19

dev[0m                          ]
+ -- --=[ 2221 exploits - 1171 auxiliary - 397 post       ]
+ -- --=[ 877 payloads - 45 encoders - 11 nops            ]
+ -- --=[ 9 evasion                                       ]

Metasploit tip: To save all commands executed since start up 
to a file, use the [32mmakerc[0m command

[1m[34m[*][0m Starting persistent handler(s)...
[0m[0mRHOST => 10.0.2.5
[0mRPORT => 443
[0mTLS_VERSION => 1.2
[0m[1m[34m[*][0m 10.0.2.5:443 - The target is not exploitable.
[0m
---------END HEARTBLEED BY METASPLOIT---------

