---------START SWEET32---------
Write at: 20:31:55


No engine or GOST support via engine with your /usr/bin/openssl

###########################################################
    testssl       3.0.7 from https://testssl.sh/
    (19c51cd 2024-09-27 18:02:54)

      This program is free software. Distribution and
             modification under GPLv2 permitted.
      USAGE w/o ANY WARRANTY. USE IT AT YOUR OWN RISK!

       Please file bugs @ https://testssl.sh/bugs/

###########################################################

 Using "OpenSSL 3.0.4 21 Jun 2022 (Library: OpenSSL 3.0.4 21 Jun 2022)" [~76 ciphers]
 on kali:/usr/bin/openssl
 (built: "Jun 24 17:27:02 2022", platform: "debian-amd64")


 Start 2024-10-09 20:31:54        -->> 10.0.2.5:443 (10.0.2.5) <<--

 rDNS (10.0.2.5):        --
 Service detected:       HTTP


 Testing for SWEET32 (Birthday Attacks on 64-bit Block Ciphers)       

 SWEET32 (CVE-2016-2183, CVE-2016-6329)    Local problem: Only 0+0 "SWEET32 ciphers" found in your /usr/bin/openssl. Test skipped

 Done 2024-10-09 20:31:55 [   6s] -->> 10.0.2.5:443 (10.0.2.5) <<--



---------END SWEET32---------

