---------START HEARTBLEED BY METASPLOIT---------
Write at: 10:37:31

------------------------------------------------------+
  [37m|  METASPLOIT by Rapid7                                 |
  [37m+---------------------------+---------------------------+
  [37m|      [34m__________________   [37m|                           |
  [37m|  [33m==c[34m(______([33mo[34m(______(_[33m()  [37m| [32m|""""""""""""|======[[31m***  [37m|
  [37m|             [34m)[33m=[34m\           [37m| [32m|  [37mEXPLOIT   [32m\            [37m|
  [37m|            [34m// \\          [37m| [32m|_____________\_______    [37m|
  [37m|           [34m//   \\         [37m| [32m|==[[37mmsf >[32m]============\   [37m|
  [37m|          [34m//     \\        [37m| [32m|______________________\  [37m|
  [37m|         [34m// [37mRECON [34m\\       [37m| [32m\(@)(@)(@)(@)(@)(@)(@)/   [37m|
  [37m|        [34m//         \\      [37m|  [32m*********************    [37m|
  [37m+---------------------------+---------------------------+
  [37m|      o O o                |        [33m\'\/\/\/'/         [37m|
  [37m|              o O          |         [33m)[37m======[33m(          [37m|
  [37m|                 o         |       [33m.'  [37mLOOT  [33m'.        [37m|
  [37m| [31m|^^^^^^^^^^^^^^|l[31m___      [37m|      [33m/    [32m_||__   [33m\       [37m|
  [37m| [31m|    [37mPAYLOAD     [31m|[37m""\[31m___, [37m|     [33m/    [32m(_||_     [33m\      [37m|
  [37m| [31m|________________|__|)__| [37m|    [33m|     [32m__||_)     [33m|     [37m|
  [37m| [31m|(@)(@)"""**|(@)(@)**|(@) [37m|    [33m"       [32m||       [33m"     [37m|
  [37m|  [33m= = = = = = = = = = = =  [37m|     [33m'--------------'      [37m|
  [37m+---------------------------+---------------------------+[0m
[0m

       =[ [33mmetasploit v6.1.42-dev[0m                          ]
+ -- --=[ 2221 exploits - 1171 auxiliary - 397 post       ]
+ -- --=[ 877 payloads - 45 encoders - 11 nops            ]
+ -- --=[ 9 evasion                                       ]

Metasploit tip: Open an interactive Ruby terminal with 
[32mirb[0m

[1m[34m[*][0m Starting persistent handler(s)...
[0m[0mRHOST => 10.0.2.6
[0mRPORT => 443
[0mTLS_VERSION => 1.2
[0m[1m[34m[*][0m 10.0.2.6:443 - The target is not exploitable.
[0m
---------END HEARTBLEED BY METASPLOIT---------

---------START HEARTBLEED BY METASPLOIT---------
Write at: 10:37:31

dev[0m                          ]
+ -- --=[ 2221 exploits - 1171 auxiliary - 397 post       ]
+ -- --=[ 877 payloads - 45 encoders - 11 nops            ]
+ -- --=[ 9 evasion                                       ]

Metasploit tip: You can use [32mhelp[0m to view all 
available commands

[1m[34m[*][0m Starting persistent handler(s)...
[0m[0mRHOST => 10.0.2.6
[0mRPORT => 443
[0mTLS_VERSION => 1.2
[0m[1m[34m[*][0m 10.0.2.6:443 - The target is not exploitable.
[0m
---------END HEARTBLEED BY METASPLOIT---------

