---------START HEARTBLEED BY NMAP---------
Write at: 10:37:59

Starting Nmap 7.92 ( https://nmap.org ) at 2024-10-07 10:37 EDT
Nmap scan report for 10.0.2.6
Host is up (0.00041s latency).

PORT    STATE SERVICE  VERSION
443/tcp open  ssl/http Apache httpd 2.4.7 ((Ubuntu))
|_http-server-header: Apache/2.4.7 (Ubuntu)

Service detection performed. Please report any incorrect results at https://nmap.org/submit/ .
Nmap done: 1 IP address (1 host up) scanned in 27.45 seconds

---------END HEARTBLEED BY NMAP---------

---------START HEARTBLEED BY NMAP---------
Write at: 10:37:59

Starting Nmap 7.92 ( https://nmap.org ) at 2024-10-07 10:37 EDT
Nmap scan report for 10.0.2.6
Host is up (0.00031s latency).

PORT    STATE SERVICE  VERSION
443/tcp open  ssl/http Apache httpd 2.4.7 ((Ubuntu))
|_http-server-header: Apache/2.4.7 (Ubuntu)

Service detection performed. Please report any incorrect results at https://nmap.org/submit/ .
Nmap done: 1 IP address (1 host up) scanned in 27.44 seconds

---------END HEARTBLEED BY NMAP---------

